<?xml version="1.0" encoding="UTF-8"?>
<coverage generated="1779016659580" clover="3.2.0">
  <project timestamp="1779016659580" name="All files">
    <metrics statements="319" coveredstatements="283" conditionals="239" coveredconditionals="179" methods="114" coveredmethods="95" elements="672" coveredelements="557" complexity="0" loc="319" ncloc="319" packages="17" files="49" classes="49"/>
    <package name="application.use-cases">
      <metrics statements="6" coveredstatements="6" conditionals="2" coveredconditionals="2" methods="6" coveredmethods="6"/>
      <file name="GetRepoDetailsUseCase.ts" path="/Users/italo/Documents/projetos/element-test/src/application/use-cases/GetRepoDetailsUseCase.ts">
        <metrics statements="1" coveredstatements="1" conditionals="0" coveredconditionals="0" methods="2" coveredmethods="2"/>
        <line num="13" count="4" type="stmt"/>
      </file>
      <file name="GetRepoIssuesUseCase.ts" path="/Users/italo/Documents/projetos/element-test/src/application/use-cases/GetRepoIssuesUseCase.ts">
        <metrics statements="1" coveredstatements="1" conditionals="0" coveredconditionals="0" methods="2" coveredmethods="2"/>
        <line num="14" count="5" type="stmt"/>
      </file>
      <file name="SearchReposUseCase.ts" path="/Users/italo/Documents/projetos/element-test/src/application/use-cases/SearchReposUseCase.ts">
        <metrics statements="4" coveredstatements="4" conditionals="2" coveredconditionals="2" methods="2" coveredmethods="2"/>
        <line num="13" count="7" type="stmt"/>
        <line num="14" count="7" type="cond" truecount="2" falsecount="0"/>
        <line num="15" count="2" type="stmt"/>
        <line num="17" count="5" type="stmt"/>
      </file>
    </package>
    <package name="domain.errors">
      <metrics statements="8" coveredstatements="8" conditionals="2" coveredconditionals="2" methods="4" coveredmethods="4"/>
      <file name="GitHubErrors.ts" path="/Users/italo/Documents/projetos/element-test/src/domain/errors/GitHubErrors.ts">
        <metrics statements="8" coveredstatements="8" conditionals="2" coveredconditionals="2" methods="4" coveredmethods="4"/>
        <line num="3" count="9" type="stmt"/>
        <line num="4" count="9" type="stmt"/>
        <line num="10" count="10" type="stmt"/>
        <line num="11" count="10" type="stmt"/>
        <line num="17" count="4" type="stmt"/>
        <line num="18" count="4" type="stmt"/>
        <line num="24" count="6" type="stmt"/>
        <line num="27" count="6" type="stmt"/>
      </file>
    </package>
    <package name="infrastructure.http">
      <metrics statements="2" coveredstatements="2" conditionals="2" coveredconditionals="1" methods="0" coveredmethods="0"/>
      <file name="httpClient.ts" path="/Users/italo/Documents/projetos/element-test/src/infrastructure/http/httpClient.ts">
        <metrics statements="2" coveredstatements="2" conditionals="2" coveredconditionals="1" methods="0" coveredmethods="0"/>
        <line num="3" count="1" type="stmt"/>
        <line num="5" count="1" type="stmt"/>
      </file>
    </package>
    <package name="infrastructure.mappers">
      <metrics statements="4" coveredstatements="4" conditionals="2" coveredconditionals="2" methods="4" coveredmethods="4"/>
      <file name="issueMapper.ts" path="/Users/italo/Documents/projetos/element-test/src/infrastructure/mappers/issueMapper.ts">
        <metrics statements="2" coveredstatements="2" conditionals="2" coveredconditionals="2" methods="2" coveredmethods="2"/>
        <line num="10" count="2" type="stmt"/>
        <line num="19" count="8" type="stmt"/>
      </file>
      <file name="repoMapper.ts" path="/Users/italo/Documents/projetos/element-test/src/infrastructure/mappers/repoMapper.ts">
        <metrics statements="2" coveredstatements="2" conditionals="0" coveredconditionals="0" methods="2" coveredmethods="2"/>
        <line num="9" count="41" type="stmt"/>
        <line num="18" count="31" type="stmt"/>
      </file>
    </package>
    <package name="infrastructure.repositories">
      <metrics statements="18" coveredstatements="17" conditionals="8" coveredconditionals="7" methods="4" coveredmethods="4"/>
      <file name="GitHubRepositoryImpl.ts" path="/Users/italo/Documents/projetos/element-test/src/infrastructure/repositories/GitHubRepositoryImpl.ts">
        <metrics statements="18" coveredstatements="17" conditionals="8" coveredconditionals="7" methods="4" coveredmethods="4"/>
        <line num="11" count="1" type="stmt"/>
        <line num="14" count="8" type="cond" truecount="1" falsecount="1"/>
        <line num="15" count="8" type="cond" truecount="2" falsecount="0"/>
        <line num="16" count="5" type="cond" truecount="4" falsecount="0"/>
        <line num="17" count="2" type="stmt"/>
        <line num="19" count="0" type="stmt"/>
        <line num="24" count="9" type="stmt"/>
        <line num="25" count="9" type="stmt"/>
        <line num="28" count="5" type="stmt"/>
        <line num="34" count="4" type="stmt"/>
        <line num="39" count="4" type="stmt"/>
        <line num="40" count="4" type="stmt"/>
        <line num="41" count="2" type="stmt"/>
        <line num="43" count="2" type="stmt"/>
        <line num="48" count="5" type="stmt"/>
        <line num="49" count="5" type="stmt"/>
        <line num="52" count="3" type="stmt"/>
        <line num="57" count="2" type="stmt"/>
      </file>
    </package>
    <package name="presentation.components.common">
      <metrics statements="12" coveredstatements="12" conditionals="8" coveredconditionals="8" methods="4" coveredmethods="4"/>
      <file name="EmptyState.tsx" path="/Users/italo/Documents/projetos/element-test/src/presentation/components/common/EmptyState.tsx">
        <metrics statements="3" coveredstatements="3" conditionals="2" coveredconditionals="2" methods="1" coveredmethods="1"/>
        <line num="14" count="9" type="stmt"/>
        <line num="16" count="9" type="stmt"/>
        <line num="31" count="3" type="stmt"/>
      </file>
      <file name="ErrorState.tsx" path="/Users/italo/Documents/projetos/element-test/src/presentation/components/common/ErrorState.tsx">
        <metrics statements="3" coveredstatements="3" conditionals="2" coveredconditionals="2" methods="1" coveredmethods="1"/>
        <line num="14" count="6" type="stmt"/>
        <line num="16" count="6" type="stmt"/>
        <line num="34" count="4" type="stmt"/>
      </file>
      <file name="LoadingSpinner.tsx" path="/Users/italo/Documents/projetos/element-test/src/presentation/components/common/LoadingSpinner.tsx">
        <metrics statements="3" coveredstatements="3" conditionals="4" coveredconditionals="4" methods="1" coveredmethods="1"/>
        <line num="11" count="6" type="stmt"/>
        <line num="13" count="6" type="stmt"/>
        <line num="20" count="4" type="stmt"/>
      </file>
      <file name="Screen.tsx" path="/Users/italo/Documents/projetos/element-test/src/presentation/components/common/Screen.tsx">
        <metrics statements="3" coveredstatements="3" conditionals="0" coveredconditionals="0" methods="1" coveredmethods="1"/>
        <line num="11" count="7" type="stmt"/>
        <line num="13" count="7" type="stmt"/>
        <line num="16" count="2" type="stmt"/>
      </file>
    </package>
    <package name="presentation.components.ds">
      <metrics statements="73" coveredstatements="68" conditionals="51" coveredconditionals="48" methods="19" coveredmethods="16"/>
      <file name="Avatar.tsx" path="/Users/italo/Documents/projetos/element-test/src/presentation/components/ds/Avatar.tsx">
        <metrics statements="8" coveredstatements="8" conditionals="5" coveredconditionals="5" methods="1" coveredmethods="1"/>
        <line num="14" count="6" type="stmt"/>
        <line num="17" count="20" type="stmt"/>
        <line num="18" count="20" type="stmt"/>
        <line num="19" count="20" type="stmt"/>
        <line num="20" count="20" type="stmt"/>
        <line num="22" count="20" type="cond" truecount="2" falsecount="0"/>
        <line num="23" count="13" type="stmt"/>
        <line num="26" count="7" type="stmt"/>
      </file>
      <file name="Badge.tsx" path="/Users/italo/Documents/projetos/element-test/src/presentation/components/ds/Badge.tsx">
        <metrics statements="5" coveredstatements="5" conditionals="5" coveredconditionals="5" methods="1" coveredmethods="1"/>
        <line num="17" count="14" type="stmt"/>
        <line num="19" count="14" type="stmt"/>
        <line num="28" count="14" type="stmt"/>
        <line num="30" count="14" type="stmt"/>
        <line num="44" count="4" type="stmt"/>
      </file>
      <file name="Button.tsx" path="/Users/italo/Documents/projetos/element-test/src/presentation/components/ds/Button.tsx">
        <metrics statements="8" coveredstatements="8" conditionals="17" coveredconditionals="17" methods="2" coveredmethods="2"/>
        <line num="21" count="6" type="stmt"/>
        <line num="37" count="13" type="stmt"/>
        <line num="38" count="13" type="stmt"/>
        <line num="40" count="13" type="stmt"/>
        <line num="47" count="13" type="stmt"/>
        <line num="49" count="13" type="stmt"/>
        <line num="53" count="13" type="stmt"/>
        <line num="85" count="6" type="stmt"/>
      </file>
      <file name="Card.tsx" path="/Users/italo/Documents/projetos/element-test/src/presentation/components/ds/Card.tsx">
        <metrics statements="6" coveredstatements="6" conditionals="4" coveredconditionals="3" methods="2" coveredmethods="2"/>
        <line num="13" count="10" type="stmt"/>
        <line num="15" count="10" type="stmt"/>
        <line num="23" count="10" type="cond" truecount="2" falsecount="0"/>
        <line num="24" count="3" type="stmt"/>
        <line num="27" count="3" type="cond" truecount="1" falsecount="1"/>
        <line num="34" count="7" type="stmt"/>
      </file>
      <file name="Input.tsx" path="/Users/italo/Documents/projetos/element-test/src/presentation/components/ds/Input.tsx">
        <metrics statements="6" coveredstatements="4" conditionals="8" coveredconditionals="6" methods="3" coveredmethods="1"/>
        <line num="13" count="13" type="stmt"/>
        <line num="14" count="13" type="stmt"/>
        <line num="16" count="13" type="stmt"/>
        <line num="31" count="0" type="stmt"/>
        <line num="32" count="0" type="stmt"/>
        <line num="40" count="4" type="stmt"/>
      </file>
      <file name="Switch.tsx" path="/Users/italo/Documents/projetos/element-test/src/presentation/components/ds/Switch.tsx">
        <metrics statements="25" coveredstatements="25" conditionals="8" coveredconditionals="8" methods="7" coveredmethods="7"/>
        <line num="14" count="3" type="stmt"/>
        <line num="15" count="3" type="stmt"/>
        <line num="16" count="3" type="stmt"/>
        <line num="17" count="3" type="stmt"/>
        <line num="18" count="3" type="stmt"/>
        <line num="19" count="3" type="stmt"/>
        <line num="20" count="3" type="stmt"/>
        <line num="29" count="5" type="stmt"/>
        <line num="32" count="5" type="cond" truecount="2" falsecount="0"/>
        <line num="33" count="5" type="cond" truecount="2" falsecount="0"/>
        <line num="34" count="5" type="stmt"/>
        <line num="35" count="5" type="stmt"/>
        <line num="38" count="5" type="stmt"/>
        <line num="39" count="5" type="cond" truecount="2" falsecount="0"/>
        <line num="43" count="5" type="cond" truecount="2" falsecount="0"/>
        <line num="47" count="5" type="stmt"/>
        <line num="48" count="5" type="stmt"/>
        <line num="49" count="5" type="stmt"/>
        <line num="53" count="5" type="stmt"/>
        <line num="54" count="5" type="stmt"/>
        <line num="57" count="5" type="stmt"/>
        <line num="61" count="5" type="stmt"/>
        <line num="65" count="5" type="stmt"/>
        <line num="67" count="2" type="stmt"/>
        <line num="80" count="3" type="stmt"/>
      </file>
      <file name="Text.tsx" path="/Users/italo/Documents/projetos/element-test/src/presentation/components/ds/Text.tsx">
        <metrics statements="3" coveredstatements="3" conditionals="2" coveredconditionals="2" methods="1" coveredmethods="1"/>
        <line num="15" count="155" type="stmt"/>
        <line num="17" count="155" type="stmt"/>
        <line num="27" count="155" type="stmt"/>
      </file>
      <file name="ThemeSwitch.tsx" path="/Users/italo/Documents/projetos/element-test/src/presentation/components/ds/ThemeSwitch.tsx">
        <metrics statements="4" coveredstatements="1" conditionals="0" coveredconditionals="0" methods="1" coveredmethods="0"/>
        <line num="9" count="0" type="stmt"/>
        <line num="10" count="0" type="stmt"/>
        <line num="12" count="0" type="stmt"/>
        <line num="21" count="2" type="stmt"/>
      </file>
      <file name="index.ts" path="/Users/italo/Documents/projetos/element-test/src/presentation/components/ds/index.ts">
        <metrics statements="0" coveredstatements="0" conditionals="0" coveredconditionals="0" methods="0" coveredmethods="0"/>
      </file>
      <file name="tokens.ts" path="/Users/italo/Documents/projetos/element-test/src/presentation/components/ds/tokens.ts">
        <metrics statements="8" coveredstatements="8" conditionals="2" coveredconditionals="2" methods="1" coveredmethods="1"/>
        <line num="34" count="21" type="stmt"/>
        <line num="66" count="21" type="stmt"/>
        <line num="99" count="21" type="stmt"/>
        <line num="101" count="21" type="stmt"/>
        <line num="113" count="21" type="stmt"/>
        <line num="127" count="21" type="stmt"/>
        <line num="137" count="21" type="stmt"/>
        <line num="157" count="24" type="cond" truecount="2" falsecount="0"/>
      </file>
    </package>
    <package name="presentation.components.issues">
      <metrics statements="40" coveredstatements="38" conditionals="26" coveredconditionals="17" methods="9" coveredmethods="7"/>
      <file name="IssueItem.tsx" path="/Users/italo/Documents/projetos/element-test/src/presentation/components/issues/IssueItem.tsx">
        <metrics statements="16" coveredstatements="16" conditionals="14" coveredconditionals="7" methods="3" coveredmethods="3"/>
        <line num="16" count="5" type="stmt"/>
        <line num="17" count="5" type="stmt"/>
        <line num="18" count="5" type="stmt"/>
        <line num="19" count="5" type="stmt"/>
        <line num="20" count="5" type="stmt"/>
        <line num="21" count="5" type="stmt"/>
        <line num="22" count="5" type="stmt"/>
        <line num="24" count="5" type="cond" truecount="1" falsecount="1"/>
        <line num="25" count="5" type="cond" truecount="1" falsecount="1"/>
        <line num="26" count="5" type="cond" truecount="1" falsecount="1"/>
        <line num="27" count="5" type="cond" truecount="1" falsecount="3"/>
        <line num="28" count="5" type="cond" truecount="1" falsecount="1"/>
        <line num="32" count="5" type="stmt"/>
        <line num="34" count="5" type="stmt"/>
        <line num="48" count="2" type="stmt"/>
        <line num="72" count="2" type="stmt"/>
      </file>
      <file name="IssueLabelChip.tsx" path="/Users/italo/Documents/projetos/element-test/src/presentation/components/issues/IssueLabelChip.tsx">
        <metrics statements="9" coveredstatements="9" conditionals="0" coveredconditionals="0" methods="2" coveredmethods="2"/>
        <line num="12" count="10" type="stmt"/>
        <line num="13" count="10" type="stmt"/>
        <line num="14" count="10" type="stmt"/>
        <line num="15" count="10" type="stmt"/>
        <line num="19" count="5" type="stmt"/>
        <line num="20" count="5" type="stmt"/>
        <line num="21" count="5" type="stmt"/>
        <line num="23" count="5" type="stmt"/>
        <line num="32" count="3" type="stmt"/>
      </file>
      <file name="IssueList.tsx" path="/Users/italo/Documents/projetos/element-test/src/presentation/components/issues/IssueList.tsx">
        <metrics statements="11" coveredstatements="9" conditionals="6" coveredconditionals="5" methods="3" coveredmethods="1"/>
        <line num="20" count="4" type="stmt"/>
        <line num="22" count="4" type="stmt"/>
        <line num="23" count="0" type="stmt"/>
        <line num="27" count="4" type="stmt"/>
        <line num="29" count="4" type="cond" truecount="2" falsecount="0"/>
        <line num="30" count="1" type="stmt"/>
        <line num="33" count="3" type="cond" truecount="2" falsecount="0"/>
        <line num="34" count="1" type="stmt"/>
        <line num="37" count="2" type="cond" truecount="1" falsecount="1"/>
        <line num="38" count="2" type="stmt"/>
        <line num="47" count="0" type="stmt"/>
      </file>
      <file name="IssueStateIndicator.tsx" path="/Users/italo/Documents/projetos/element-test/src/presentation/components/issues/IssueStateIndicator.tsx">
        <metrics statements="4" coveredstatements="4" conditionals="6" coveredconditionals="5" methods="1" coveredmethods="1"/>
        <line num="12" count="9" type="stmt"/>
        <line num="13" count="9" type="stmt"/>
        <line num="15" count="9" type="stmt"/>
        <line num="33" count="3" type="stmt"/>
      </file>
    </package>
    <package name="presentation.components.repo">
      <metrics statements="6" coveredstatements="6" conditionals="10" coveredconditionals="9" methods="2" coveredmethods="2"/>
      <file name="RepoCard.tsx" path="/Users/italo/Documents/projetos/element-test/src/presentation/components/repo/RepoCard.tsx">
        <metrics statements="6" coveredstatements="6" conditionals="10" coveredconditionals="9" methods="2" coveredmethods="2"/>
        <line num="8" count="12" type="cond" truecount="1" falsecount="1"/>
        <line num="9" count="12" type="stmt"/>
        <line num="18" count="6" type="stmt"/>
        <line num="19" count="6" type="cond" truecount="2" falsecount="0"/>
        <line num="21" count="6" type="stmt"/>
        <line num="60" count="2" type="stmt"/>
      </file>
    </package>
    <package name="presentation.components.repo-detail">
      <metrics statements="19" coveredstatements="19" conditionals="18" coveredconditionals="14" methods="6" coveredmethods="6"/>
      <file name="RepoDetailActions.tsx" path="/Users/italo/Documents/projetos/element-test/src/presentation/components/repo-detail/RepoDetailActions.tsx">
        <metrics statements="3" coveredstatements="3" conditionals="8" coveredconditionals="5" methods="1" coveredmethods="1"/>
        <line num="16" count="1" type="stmt"/>
        <line num="18" count="1" type="stmt"/>
        <line num="52" count="1" type="stmt"/>
      </file>
      <file name="RepoDetailHeader.tsx" path="/Users/italo/Documents/projetos/element-test/src/presentation/components/repo-detail/RepoDetailHeader.tsx">
        <metrics statements="4" coveredstatements="4" conditionals="6" coveredconditionals="5" methods="1" coveredmethods="1"/>
        <line num="15" count="1" type="stmt"/>
        <line num="16" count="1" type="cond" truecount="1" falsecount="1"/>
        <line num="18" count="1" type="stmt"/>
        <line num="47" count="1" type="stmt"/>
      </file>
      <file name="RepoDetailLayout.tsx" path="/Users/italo/Documents/projetos/element-test/src/presentation/components/repo-detail/RepoDetailLayout.tsx">
        <metrics statements="4" coveredstatements="4" conditionals="0" coveredconditionals="0" methods="1" coveredmethods="1"/>
        <line num="12" count="1" type="stmt"/>
        <line num="13" count="1" type="stmt"/>
        <line num="15" count="1" type="stmt"/>
        <line num="26" count="1" type="stmt"/>
      </file>
      <file name="RepoDetailStats.tsx" path="/Users/italo/Documents/projetos/element-test/src/presentation/components/repo-detail/RepoDetailStats.tsx">
        <metrics statements="2" coveredstatements="2" conditionals="0" coveredconditionals="0" methods="1" coveredmethods="1"/>
        <line num="12" count="1" type="stmt"/>
        <line num="22" count="1" type="stmt"/>
      </file>
      <file name="StatCard.tsx" path="/Users/italo/Documents/projetos/element-test/src/presentation/components/repo-detail/StatCard.tsx">
        <metrics statements="6" coveredstatements="6" conditionals="4" coveredconditionals="4" methods="2" coveredmethods="2"/>
        <line num="14" count="9" type="cond" truecount="2" falsecount="0"/>
        <line num="15" count="8" type="cond" truecount="2" falsecount="0"/>
        <line num="16" count="6" type="stmt"/>
        <line num="20" count="9" type="stmt"/>
        <line num="22" count="9" type="stmt"/>
        <line num="37" count="2" type="stmt"/>
      </file>
      <file name="index.ts" path="/Users/italo/Documents/projetos/element-test/src/presentation/components/repo-detail/index.ts">
        <metrics statements="0" coveredstatements="0" conditionals="0" coveredconditionals="0" methods="0" coveredmethods="0"/>
      </file>
    </package>
    <package name="presentation.components.search">
      <metrics statements="29" coveredstatements="13" conditionals="18" coveredconditionals="5" methods="9" coveredmethods="2"/>
      <file name="RepoList.tsx" path="/Users/italo/Documents/projetos/element-test/src/presentation/components/search/RepoList.tsx">
        <metrics statements="15" coveredstatements="8" conditionals="8" coveredconditionals="3" methods="4" coveredmethods="1"/>
        <line num="23" count="3" type="stmt"/>
        <line num="25" count="3" type="stmt"/>
        <line num="27" count="0" type="stmt"/>
        <line num="28" count="0" type="stmt"/>
        <line num="34" count="3" type="stmt"/>
        <line num="36" count="3" type="cond" truecount="1" falsecount="1"/>
        <line num="37" count="0" type="stmt"/>
        <line num="40" count="3" type="cond" truecount="1" falsecount="1"/>
        <line num="41" count="0" type="stmt"/>
        <line num="44" count="3" type="cond" truecount="1" falsecount="1"/>
        <line num="45" count="3" type="stmt"/>
        <line num="54" count="0" type="cond" truecount="0" falsecount="2"/>
        <line num="55" count="0" type="stmt"/>
        <line num="64" count="0" type="stmt"/>
        <line num="85" count="1" type="stmt"/>
      </file>
      <file name="RepoListFooter.tsx" path="/Users/italo/Documents/projetos/element-test/src/presentation/components/search/RepoListFooter.tsx">
        <metrics statements="6" coveredstatements="1" conditionals="4" coveredconditionals="0" methods="1" coveredmethods="0"/>
        <line num="13" count="0" type="cond" truecount="0" falsecount="2"/>
        <line num="14" count="0" type="stmt"/>
        <line num="17" count="0" type="cond" truecount="0" falsecount="2"/>
        <line num="18" count="0" type="stmt"/>
        <line num="27" count="0" type="stmt"/>
        <line num="30" count="2" type="stmt"/>
      </file>
      <file name="SearchBar.tsx" path="/Users/italo/Documents/projetos/element-test/src/presentation/components/search/SearchBar.tsx">
        <metrics statements="4" coveredstatements="3" conditionals="2" coveredconditionals="2" methods="2" coveredmethods="1"/>
        <line num="14" count="8" type="stmt"/>
        <line num="16" count="8" type="stmt"/>
        <line num="28" count="0" type="stmt"/>
        <line num="38" count="2" type="stmt"/>
      </file>
      <file name="SearchResultsHeader.tsx" path="/Users/italo/Documents/projetos/element-test/src/presentation/components/search/SearchResultsHeader.tsx">
        <metrics statements="4" coveredstatements="1" conditionals="4" coveredconditionals="0" methods="2" coveredmethods="0"/>
        <line num="12" count="0" type="cond" truecount="0" falsecount="2"/>
        <line num="13" count="0" type="stmt"/>
        <line num="17" count="0" type="stmt"/>
        <line num="29" count="1" type="stmt"/>
      </file>
    </package>
    <package name="presentation.screens">
      <metrics statements="18" coveredstatements="16" conditionals="8" coveredconditionals="7" methods="5" coveredmethods="3"/>
      <file name="IssuesScreen.tsx" path="/Users/italo/Documents/projetos/element-test/src/presentation/screens/IssuesScreen.tsx">
        <metrics statements="3" coveredstatements="3" conditionals="0" coveredconditionals="0" methods="1" coveredmethods="1"/>
        <line num="8" count="4" type="stmt"/>
        <line num="9" count="4" type="stmt"/>
        <line num="11" count="4" type="stmt"/>
      </file>
      <file name="RepoDetailScreen.tsx" path="/Users/italo/Documents/projetos/element-test/src/presentation/screens/RepoDetailScreen.tsx">
        <metrics statements="10" coveredstatements="9" conditionals="8" coveredconditionals="7" methods="2" coveredmethods="1"/>
        <line num="18" count="3" type="stmt"/>
        <line num="19" count="3" type="stmt"/>
        <line num="20" count="3" type="stmt"/>
        <line num="22" count="3" type="stmt"/>
        <line num="23" count="0" type="stmt"/>
        <line num="26" count="3" type="cond" truecount="2" falsecount="0"/>
        <line num="27" count="1" type="stmt"/>
        <line num="30" count="2" type="cond" truecount="4" falsecount="0"/>
        <line num="31" count="1" type="stmt"/>
        <line num="36" count="1" type="stmt"/>
      </file>
      <file name="SearchScreen.tsx" path="/Users/italo/Documents/projetos/element-test/src/presentation/screens/SearchScreen.tsx">
        <metrics statements="5" coveredstatements="4" conditionals="0" coveredconditionals="0" methods="2" coveredmethods="1"/>
        <line num="11" count="3" type="stmt"/>
        <line num="12" count="3" type="stmt"/>
        <line num="14" count="3" type="stmt"/>
        <line num="16" count="0" type="stmt"/>
        <line num="25" count="3" type="stmt"/>
      </file>
    </package>
    <package name="presentation.theme">
      <metrics statements="14" coveredstatements="14" conditionals="8" coveredconditionals="7" methods="6" coveredmethods="6"/>
      <file name="ThemeModeContext.tsx" path="/Users/italo/Documents/projetos/element-test/src/presentation/theme/ThemeModeContext.tsx">
        <metrics statements="12" coveredstatements="12" conditionals="6" coveredconditionals="5" methods="5" coveredmethods="5"/>
        <line num="12" count="24" type="stmt"/>
        <line num="15" count="132" type="stmt"/>
        <line num="16" count="132" type="cond" truecount="1" falsecount="1"/>
        <line num="18" count="132" type="stmt"/>
        <line num="19" count="4" type="cond" truecount="2" falsecount="0"/>
        <line num="22" count="132" type="stmt"/>
        <line num="23" count="132" type="stmt"/>
        <line num="27" count="132" type="stmt"/>
        <line num="31" count="321" type="stmt"/>
        <line num="32" count="320" type="cond" truecount="2" falsecount="0"/>
        <line num="33" count="2" type="stmt"/>
        <line num="35" count="318" type="stmt"/>
      </file>
      <file name="useColors.ts" path="/Users/italo/Documents/projetos/element-test/src/presentation/theme/useColors.ts">
        <metrics statements="2" coveredstatements="2" conditionals="2" coveredconditionals="2" methods="1" coveredmethods="1"/>
        <line num="5" count="308" type="stmt"/>
        <line num="6" count="308" type="cond" truecount="2" falsecount="0"/>
      </file>
    </package>
    <package name="presentation.viewmodels">
      <metrics statements="44" coveredstatements="34" conditionals="60" coveredconditionals="38" methods="21" coveredmethods="16"/>
      <file name="useIssuesViewModel.ts" path="/Users/italo/Documents/projetos/element-test/src/presentation/viewmodels/useIssuesViewModel.ts">
        <metrics statements="15" coveredstatements="10" conditionals="23" coveredconditionals="13" methods="8" coveredmethods="5"/>
        <line num="29" count="1" type="cond" truecount="2" falsecount="2"/>
        <line num="30" count="0" type="cond" truecount="0" falsecount="2"/>
        <line num="31" count="0" type="stmt"/>
        <line num="47" count="10" type="stmt"/>
        <line num="50" count="5" type="stmt"/>
        <line num="52" count="10" type="cond" truecount="2" falsecount="0"/>
        <line num="57" count="10" type="cond" truecount="2" falsecount="0"/>
        <line num="59" count="10" type="stmt"/>
        <line num="60" count="0" type="cond" truecount="0" falsecount="4"/>
        <line num="63" count="10" type="stmt"/>
        <line num="64" count="0" type="stmt"/>
        <line num="67" count="10" type="stmt"/>
        <line num="68" count="0" type="stmt"/>
        <line num="71" count="10" type="stmt"/>
        <line num="80" count="10" type="stmt"/>
      </file>
      <file name="useRepoDetailViewModel.ts" path="/Users/italo/Documents/projetos/element-test/src/presentation/viewmodels/useRepoDetailViewModel.ts">
        <metrics statements="9" coveredstatements="7" conditionals="12" coveredconditionals="9" methods="4" coveredmethods="4"/>
        <line num="24" count="1" type="cond" truecount="3" falsecount="1"/>
        <line num="25" count="0" type="cond" truecount="0" falsecount="2"/>
        <line num="26" count="0" type="stmt"/>
        <line num="33" count="9" type="stmt"/>
        <line num="35" count="5" type="stmt"/>
        <line num="39" count="9" type="stmt"/>
        <line num="40" count="1" type="stmt"/>
        <line num="43" count="9" type="stmt"/>
        <line num="49" count="9" type="stmt"/>
      </file>
      <file name="useSearchViewModel.ts" path="/Users/italo/Documents/projetos/element-test/src/presentation/viewmodels/useSearchViewModel.ts">
        <metrics statements="20" coveredstatements="17" conditionals="25" coveredconditionals="16" methods="9" coveredmethods="7"/>
        <line num="32" count="1" type="cond" truecount="3" falsecount="1"/>
        <line num="33" count="1" type="cond" truecount="1" falsecount="1"/>
        <line num="34" count="0" type="stmt"/>
        <line num="38" count="12" type="stmt"/>
        <line num="49" count="12" type="stmt"/>
        <line num="51" count="5" type="stmt"/>
        <line num="53" count="8" type="cond" truecount="1" falsecount="1"/>
        <line num="59" count="12" type="cond" truecount="2" falsecount="0"/>
        <line num="60" count="12" type="cond" truecount="2" falsecount="0"/>
        <line num="62" count="12" type="stmt"/>
        <line num="63" count="4" type="stmt"/>
        <line num="66" count="12" type="stmt"/>
        <line num="67" count="0" type="cond" truecount="0" falsecount="4"/>
        <line num="70" count="12" type="stmt"/>
        <line num="71" count="0" type="stmt"/>
        <line num="74" count="12" type="stmt"/>
        <line num="75" count="1" type="stmt"/>
        <line num="78" count="12" type="stmt"/>
        <line num="89" count="12" type="stmt"/>
        <line num="91" count="12" type="stmt"/>
      </file>
    </package>
    <package name="test-utils">
      <metrics statements="16" coveredstatements="16" conditionals="6" coveredconditionals="6" methods="5" coveredmethods="5"/>
      <file name="fakeRepository.ts" path="/Users/italo/Documents/projetos/element-test/src/test-utils/fakeRepository.ts">
        <metrics statements="3" coveredstatements="3" conditionals="0" coveredconditionals="0" methods="0" coveredmethods="0"/>
        <line num="4" count="16" type="stmt"/>
        <line num="5" count="16" type="stmt"/>
        <line num="6" count="16" type="stmt"/>
      </file>
      <file name="renderWithProviders.tsx" path="/Users/italo/Documents/projetos/element-test/src/test-utils/renderWithProviders.tsx">
        <metrics statements="13" coveredstatements="13" conditionals="6" coveredconditionals="6" methods="5" coveredmethods="5"/>
        <line num="12" count="123" type="stmt"/>
        <line num="26" count="123" type="stmt"/>
        <line num="27" count="123" type="stmt"/>
        <line num="29" count="123" type="stmt"/>
        <line num="33" count="123" type="cond" truecount="2" falsecount="0"/>
        <line num="34" count="10" type="stmt"/>
        <line num="36" count="113" type="stmt"/>
        <line num="44" count="105" type="cond" truecount="2" falsecount="0"/>
        <line num="45" count="105" type="stmt"/>
        <line num="46" count="105" type="stmt"/>
        <line num="53" count="18" type="cond" truecount="2" falsecount="0"/>
        <line num="54" count="18" type="stmt"/>
        <line num="55" count="18" type="stmt"/>
      </file>
    </package>
    <package name="test-utils.apiFixtures">
      <metrics statements="5" coveredstatements="5" conditionals="5" coveredconditionals="2" methods="5" coveredmethods="5"/>
      <file name="index.ts" path="/Users/italo/Documents/projetos/element-test/src/test-utils/apiFixtures/index.ts">
        <metrics statements="5" coveredstatements="5" conditionals="5" coveredconditionals="2" methods="5" coveredmethods="5"/>
        <line num="10" count="43" type="stmt"/>
        <line num="20" count="31" type="stmt"/>
        <line num="37" count="2" type="stmt"/>
        <line num="47" count="8" type="stmt"/>
        <line num="64" count="5" type="stmt"/>
      </file>
    </package>
    <package name="test-utils.fixtures">
      <metrics statements="5" coveredstatements="5" conditionals="5" coveredconditionals="4" methods="5" coveredmethods="5"/>
      <file name="index.ts" path="/Users/italo/Documents/projetos/element-test/src/test-utils/fixtures/index.ts">
        <metrics statements="5" coveredstatements="5" conditionals="5" coveredconditionals="4" methods="5" coveredmethods="5"/>
        <line num="8" count="27" type="stmt"/>
        <line num="18" count="18" type="stmt"/>
        <line num="35" count="5" type="stmt"/>
        <line num="45" count="9" type="stmt"/>
        <line num="59" count="13" type="stmt"/>
      </file>
    </package>
  </project>
</coverage>
