{"/Users/italo/Documents/projetos/element-test/src/application/use-cases/GetRepoDetailsUseCase.ts": {"path":"/Users/italo/Documents/projetos/element-test/src/application/use-cases/GetRepoDetailsUseCase.ts","statementMap":{"0":{"start":{"line":13,"column":4},"end":{"line":13,"column":67}}},"fnMap":{"0":{"name":"(anonymous_0)","decl":{"start":{"line":10,"column":2},"end":{"line":10,"column":3}},"loc":{"start":{"line":10,"column":62},"end":{"line":10,"column":64}},"line":10},"1":{"name":"(anonymous_1)","decl":{"start":{"line":12,"column":2},"end":{"line":12,"column":3}},"loc":{"start":{"line":12,"column":59},"end":{"line":14,"column":3}},"line":12}},"branchMap":{},"s":{"0":4},"f":{"0":4,"1":4},"b":{},"_coverageSchema":"1a1c01bbd47fc00a2c39e90264f33305004495a9","hash":"bbb2ab94d94ae9aabde748fcb61beacfb8b3ab8b"}
,"/Users/italo/Documents/projetos/element-test/src/application/use-cases/GetRepoIssuesUseCase.ts": {"path":"/Users/italo/Documents/projetos/element-test/src/application/use-cases/GetRepoIssuesUseCase.ts","statementMap":{"0":{"start":{"line":14,"column":4},"end":{"line":14,"column":78}}},"fnMap":{"0":{"name":"(anonymous_0)","decl":{"start":{"line":11,"column":2},"end":{"line":11,"column":3}},"loc":{"start":{"line":11,"column":62},"end":{"line":11,"column":64}},"line":11},"1":{"name":"(anonymous_1)","decl":{"start":{"line":13,"column":2},"end":{"line":13,"column":3}},"loc":{"start":{"line":13,"column":76},"end":{"line":15,"column":3}},"line":13}},"branchMap":{},"s":{"0":5},"f":{"0":5,"1":5},"b":{},"_coverageSchema":"1a1c01bbd47fc00a2c39e90264f33305004495a9","hash":"1025d5acd76e3ce9f955962899e42f7c13e23881"}
,"/Users/italo/Documents/projetos/element-test/src/application/use-cases/SearchReposUseCase.ts": {"path":"/Users/italo/Documents/projetos/element-test/src/application/use-cases/SearchReposUseCase.ts","statementMap":{"0":{"start":{"line":13,"column":20},"end":{"line":13,"column":38}},"1":{"start":{"line":14,"column":4},"end":{"line":16,"column":5}},"2":{"start":{"line":15,"column":6},"end":{"line":15,"column":62}},"3":{"start":{"line":17,"column":4},"end":{"line":17,"column":60}}},"fnMap":{"0":{"name":"(anonymous_0)","decl":{"start":{"line":10,"column":2},"end":{"line":10,"column":3}},"loc":{"start":{"line":10,"column":62},"end":{"line":10,"column":64}},"line":10},"1":{"name":"(anonymous_1)","decl":{"start":{"line":12,"column":2},"end":{"line":12,"column":3}},"loc":{"start":{"line":12,"column":73},"end":{"line":18,"column":3}},"line":12}},"branchMap":{"0":{"loc":{"start":{"line":14,"column":4},"end":{"line":16,"column":5}},"type":"if","locations":[{"start":{"line":14,"column":4},"end":{"line":16,"column":5}},{"start":{},"end":{}}],"line":14}},"s":{"0":7,"1":7,"2":2,"3":5},"f":{"0":7,"1":7},"b":{"0":[2,5]},"_coverageSchema":"1a1c01bbd47fc00a2c39e90264f33305004495a9","hash":"0a381b7f821e7714b1121d99e85184a56c1e2e6b"}
,"/Users/italo/Documents/projetos/element-test/src/domain/errors/GitHubErrors.ts": {"path":"/Users/italo/Documents/projetos/element-test/src/domain/errors/GitHubErrors.ts","statementMap":{"0":{"start":{"line":3,"column":4},"end":{"line":3,"column":97}},"1":{"start":{"line":4,"column":4},"end":{"line":4,"column":33}},"2":{"start":{"line":10,"column":4},"end":{"line":10,"column":79}},"3":{"start":{"line":11,"column":4},"end":{"line":11,"column":31}},"4":{"start":{"line":17,"column":4},"end":{"line":17,"column":58}},"5":{"start":{"line":18,"column":4},"end":{"line":18,"column":32}},"6":{"start":{"line":24,"column":4},"end":{"line":26,"column":6}},"7":{"start":{"line":27,"column":4},"end":{"line":27,"column":34}}},"fnMap":{"0":{"name":"(anonymous_0)","decl":{"start":{"line":2,"column":2},"end":{"line":2,"column":3}},"loc":{"start":{"line":2,"column":16},"end":{"line":5,"column":3}},"line":2},"1":{"name":"(anonymous_1)","decl":{"start":{"line":9,"column":2},"end":{"line":9,"column":3}},"loc":{"start":{"line":9,"column":16},"end":{"line":12,"column":3}},"line":9},"2":{"name":"(anonymous_2)","decl":{"start":{"line":16,"column":2},"end":{"line":16,"column":3}},"loc":{"start":{"line":16,"column":16},"end":{"line":19,"column":3}},"line":16},"3":{"name":"(anonymous_3)","decl":{"start":{"line":23,"column":2},"end":{"line":23,"column":3}},"loc":{"start":{"line":23,"column":35},"end":{"line":28,"column":3}},"line":23}},"branchMap":{"0":{"loc":{"start":{"line":25,"column":41},"end":{"line":25,"column":77}},"type":"cond-expr","locations":[{"start":{"line":25,"column":54},"end":{"line":25,"column":72}},{"start":{"line":25,"column":75},"end":{"line":25,"column":77}}],"line":25}},"s":{"0":9,"1":9,"2":10,"3":10,"4":4,"5":4,"6":6,"7":6},"f":{"0":9,"1":10,"2":4,"3":6},"b":{"0":[3,3]},"_coverageSchema":"1a1c01bbd47fc00a2c39e90264f33305004495a9","hash":"e83cee0e82d73007a26051d2ade525cb63e92015"}
,"/Users/italo/Documents/projetos/element-test/src/infrastructure/http/httpClient.ts": {"path":"/Users/italo/Documents/projetos/element-test/src/infrastructure/http/httpClient.ts","statementMap":{"0":{"start":{"line":3,"column":21},"end":{"line":3,"column":57}},"1":{"start":{"line":5,"column":26},"end":{"line":13,"column":2}}},"fnMap":{},"branchMap":{"0":{"loc":{"start":{"line":10,"column":8},"end":{"line":10,"column":71}},"type":"cond-expr","locations":[{"start":{"line":10,"column":23},"end":{"line":10,"column":66}},{"start":{"line":10,"column":69},"end":{"line":10,"column":71}}],"line":10}},"s":{"0":1,"1":1},"f":{},"b":{"0":[0,1]},"_coverageSchema":"1a1c01bbd47fc00a2c39e90264f33305004495a9","hash":"e3f52a443f1bb06e32f49c2b980a27192598cf2a"}
,"/Users/italo/Documents/projetos/element-test/src/infrastructure/mappers/issueMapper.ts": {"path":"/Users/italo/Documents/projetos/element-test/src/infrastructure/mappers/issueMapper.ts","statementMap":{"0":{"start":{"line":10,"column":2},"end":{"line":15,"column":4}},"1":{"start":{"line":19,"column":2},"end":{"line":28,"column":4}}},"fnMap":{"0":{"name":"mapLabel","decl":{"start":{"line":9,"column":9},"end":{"line":9,"column":17}},"loc":{"start":{"line":9,"column":46},"end":{"line":16,"column":1}},"line":9},"1":{"name":"mapIssue","decl":{"start":{"line":18,"column":16},"end":{"line":18,"column":24}},"loc":{"start":{"line":18,"column":53},"end":{"line":29,"column":1}},"line":18}},"branchMap":{"0":{"loc":{"start":{"line":23,"column":11},"end":{"line":23,"column":51}},"type":"cond-expr","locations":[{"start":{"line":23,"column":34},"end":{"line":23,"column":40}},{"start":{"line":23,"column":43},"end":{"line":23,"column":51}}],"line":23}},"s":{"0":2,"1":8},"f":{"0":2,"1":8},"b":{"0":[6,2]},"_coverageSchema":"1a1c01bbd47fc00a2c39e90264f33305004495a9","hash":"a9ff75e4c69685b72f18d375b276d2c3854c98a6"}
,"/Users/italo/Documents/projetos/element-test/src/infrastructure/mappers/repoMapper.ts": {"path":"/Users/italo/Documents/projetos/element-test/src/infrastructure/mappers/repoMapper.ts","statementMap":{"0":{"start":{"line":9,"column":2},"end":{"line":14,"column":4}},"1":{"start":{"line":18,"column":2},"end":{"line":30,"column":4}}},"fnMap":{"0":{"name":"mapOwner","decl":{"start":{"line":8,"column":16},"end":{"line":8,"column":24}},"loc":{"start":{"line":8,"column":53},"end":{"line":15,"column":1}},"line":8},"1":{"name":"mapRepo","decl":{"start":{"line":17,"column":16},"end":{"line":17,"column":23}},"loc":{"start":{"line":17,"column":50},"end":{"line":31,"column":1}},"line":17}},"branchMap":{},"s":{"0":41,"1":31},"f":{"0":41,"1":31},"b":{},"_coverageSchema":"1a1c01bbd47fc00a2c39e90264f33305004495a9","hash":"98a94e7fef53a07a52c6bdbf0338688fb09d7a77"}
,"/Users/italo/Documents/projetos/element-test/src/infrastructure/repositories/GitHubRepositoryImpl.ts": {"path":"/Users/italo/Documents/projetos/element-test/src/infrastructure/repositories/GitHubRepositoryImpl.ts","statementMap":{"0":{"start":{"line":11,"column":17},"end":{"line":11,"column":19}},"1":{"start":{"line":14,"column":2},"end":{"line":18,"column":3}},"2":{"start":{"line":15,"column":4},"end":{"line":15,"column":50}},"3":{"start":{"line":15,"column":25},"end":{"line":15,"column":50}},"4":{"start":{"line":16,"column":4},"end":{"line":16,"column":99}},"5":{"start":{"line":16,"column":72},"end":{"line":16,"column":99}},"6":{"start":{"line":17,"column":4},"end":{"line":17,"column":53}},"7":{"start":{"line":19,"column":2},"end":{"line":19,"column":14}},"8":{"start":{"line":24,"column":4},"end":{"line":35,"column":5}},"9":{"start":{"line":25,"column":23},"end":{"line":27,"column":8}},"10":{"start":{"line":28,"column":6},"end":{"line":32,"column":8}},"11":{"start":{"line":34,"column":6},"end":{"line":34,"column":30}},"12":{"start":{"line":39,"column":4},"end":{"line":44,"column":5}},"13":{"start":{"line":40,"column":23},"end":{"line":40,"column":85}},"14":{"start":{"line":41,"column":6},"end":{"line":41,"column":27}},"15":{"start":{"line":43,"column":6},"end":{"line":43,"column":30}},"16":{"start":{"line":48,"column":4},"end":{"line":58,"column":5}},"17":{"start":{"line":49,"column":23},"end":{"line":51,"column":8}},"18":{"start":{"line":52,"column":6},"end":{"line":55,"column":8}},"19":{"start":{"line":57,"column":6},"end":{"line":57,"column":30}}},"fnMap":{"0":{"name":"handleAxiosError","decl":{"start":{"line":13,"column":9},"end":{"line":13,"column":25}},"loc":{"start":{"line":13,"column":49},"end":{"line":20,"column":1}},"line":13},"1":{"name":"(anonymous_1)","decl":{"start":{"line":23,"column":2},"end":{"line":23,"column":3}},"loc":{"start":{"line":23,"column":81},"end":{"line":36,"column":3}},"line":23},"2":{"name":"(anonymous_2)","decl":{"start":{"line":38,"column":2},"end":{"line":38,"column":3}},"loc":{"start":{"line":38,"column":67},"end":{"line":45,"column":3}},"line":38},"3":{"name":"(anonymous_3)","decl":{"start":{"line":47,"column":2},"end":{"line":47,"column":3}},"loc":{"start":{"line":47,"column":98},"end":{"line":59,"column":3}},"line":47}},"branchMap":{"0":{"loc":{"start":{"line":14,"column":2},"end":{"line":18,"column":3}},"type":"if","locations":[{"start":{"line":14,"column":2},"end":{"line":18,"column":3}},{"start":{},"end":{}}],"line":14},"1":{"loc":{"start":{"line":15,"column":4},"end":{"line":15,"column":50}},"type":"if","locations":[{"start":{"line":15,"column":4},"end":{"line":15,"column":50}},{"start":{},"end":{}}],"line":15},"2":{"loc":{"start":{"line":16,"column":4},"end":{"line":16,"column":99}},"type":"if","locations":[{"start":{"line":16,"column":4},"end":{"line":16,"column":99}},{"start":{},"end":{}}],"line":16},"3":{"loc":{"start":{"line":16,"column":8},"end":{"line":16,"column":70}},"type":"binary-expr","locations":[{"start":{"line":16,"column":8},"end":{"line":16,"column":37}},{"start":{"line":16,"column":41},"end":{"line":16,"column":70}}],"line":16}},"s":{"0":1,"1":8,"2":8,"3":3,"4":5,"5":3,"6":2,"7":0,"8":9,"9":9,"10":5,"11":4,"12":4,"13":4,"14":2,"15":2,"16":5,"17":5,"18":3,"19":2},"f":{"0":8,"1":9,"2":4,"3":5},"b":{"0":[8,0],"1":[3,5],"2":[3,2],"3":[5,3]},"_coverageSchema":"1a1c01bbd47fc00a2c39e90264f33305004495a9","hash":"1a117a527f644c41cb38cdbbdf7273996909e62a"}
,"/Users/italo/Documents/projetos/element-test/src/presentation/components/common/EmptyState.tsx": {"path":"/Users/italo/Documents/projetos/element-test/src/presentation/components/common/EmptyState.tsx","statementMap":{"0":{"start":{"line":14,"column":12},"end":{"line":14,"column":23}},"1":{"start":{"line":16,"column":2},"end":{"line":28,"column":4}},"2":{"start":{"line":31,"column":15},"end":{"line":41,"column":2}}},"fnMap":{"0":{"name":"EmptyState","decl":{"start":{"line":13,"column":16},"end":{"line":13,"column":26}},"loc":{"start":{"line":13,"column":89},"end":{"line":29,"column":1}},"line":13}},"branchMap":{"0":{"loc":{"start":{"line":22,"column":7},"end":{"line":26,"column":7}},"type":"binary-expr","locations":[{"start":{"line":22,"column":7},"end":{"line":22,"column":26}},{"start":{"line":23,"column":8},"end":{"line":25,"column":15}}],"line":22}},"s":{"0":9,"1":9,"2":3},"f":{"0":9},"b":{"0":[9,6]},"_coverageSchema":"1a1c01bbd47fc00a2c39e90264f33305004495a9","hash":"146538b706f6b2e82fc3b4b230adbae972c8a074"}
,"/Users/italo/Documents/projetos/element-test/src/presentation/components/common/ErrorState.tsx": {"path":"/Users/italo/Documents/projetos/element-test/src/presentation/components/common/ErrorState.tsx","statementMap":{"0":{"start":{"line":14,"column":12},"end":{"line":14,"column":23}},"1":{"start":{"line":16,"column":2},"end":{"line":31,"column":4}},"2":{"start":{"line":34,"column":15},"end":{"line":49,"column":2}}},"fnMap":{"0":{"name":"ErrorState","decl":{"start":{"line":13,"column":16},"end":{"line":13,"column":26}},"loc":{"start":{"line":13,"column":66},"end":{"line":32,"column":1}},"line":13}},"branchMap":{"0":{"loc":{"start":{"line":26,"column":9},"end":{"line":28,"column":9}},"type":"binary-expr","locations":[{"start":{"line":26,"column":9},"end":{"line":26,"column":24}},{"start":{"line":27,"column":10},"end":{"line":27,"column":83}}],"line":26}},"s":{"0":6,"1":6,"2":4},"f":{"0":6},"b":{"0":[6,4]},"_coverageSchema":"1a1c01bbd47fc00a2c39e90264f33305004495a9","hash":"be72719f3d57fb3e64d32513d71b3544adaf3a9b"}
,"/Users/italo/Documents/projetos/element-test/src/presentation/components/common/LoadingSpinner.tsx": {"path":"/Users/italo/Documents/projetos/element-test/src/presentation/components/common/LoadingSpinner.tsx","statementMap":{"0":{"start":{"line":11,"column":12},"end":{"line":11,"column":23}},"1":{"start":{"line":13,"column":2},"end":{"line":17,"column":4}},"2":{"start":{"line":20,"column":15},"end":{"line":23,"column":2}}},"fnMap":{"0":{"name":"LoadingSpinner","decl":{"start":{"line":10,"column":16},"end":{"line":10,"column":30}},"loc":{"start":{"line":10,"column":92},"end":{"line":18,"column":1}},"line":10}},"branchMap":{"0":{"loc":{"start":{"line":10,"column":33},"end":{"line":10,"column":47}},"type":"default-arg","locations":[{"start":{"line":10,"column":40},"end":{"line":10,"column":47}}],"line":10},"1":{"loc":{"start":{"line":10,"column":49},"end":{"line":10,"column":67}},"type":"default-arg","locations":[{"start":{"line":10,"column":62},"end":{"line":10,"column":67}}],"line":10},"2":{"loc":{"start":{"line":14,"column":34},"end":{"line":14,"column":65}},"type":"binary-expr","locations":[{"start":{"line":14,"column":34},"end":{"line":14,"column":44}},{"start":{"line":14,"column":48},"end":{"line":14,"column":65}}],"line":14}},"s":{"0":6,"1":6,"2":4},"f":{"0":6},"b":{"0":[4],"1":[3],"2":[6,3]},"_coverageSchema":"1a1c01bbd47fc00a2c39e90264f33305004495a9","hash":"397ba8f0d3a484731818b560e00be7af5e8586d0"}
,"/Users/italo/Documents/projetos/element-test/src/presentation/components/common/Screen.tsx": {"path":"/Users/italo/Documents/projetos/element-test/src/presentation/components/common/Screen.tsx","statementMap":{"0":{"start":{"line":11,"column":12},"end":{"line":11,"column":23}},"1":{"start":{"line":13,"column":2},"end":{"line":13,"column":99}},"2":{"start":{"line":16,"column":15},"end":{"line":18,"column":2}}},"fnMap":{"0":{"name":"Screen","decl":{"start":{"line":10,"column":16},"end":{"line":10,"column":22}},"loc":{"start":{"line":10,"column":57},"end":{"line":14,"column":1}},"line":10}},"branchMap":{},"s":{"0":7,"1":7,"2":2},"f":{"0":7},"b":{},"_coverageSchema":"1a1c01bbd47fc00a2c39e90264f33305004495a9","hash":"999cac347391cc6351ea092adb5306c22c4d533e"}
,"/Users/italo/Documents/projetos/element-test/src/presentation/components/ds/Avatar.tsx": {"path":"/Users/italo/Documents/projetos/element-test/src/presentation/components/ds/Avatar.tsx","statementMap":{"0":{"start":{"line":14,"column":38},"end":{"line":14,"column":72}},"1":{"start":{"line":17,"column":12},"end":{"line":17,"column":23}},"2":{"start":{"line":18,"column":14},"end":{"line":18,"column":27}},"3":{"start":{"line":19,"column":19},"end":{"line":19,"column":40}},"4":{"start":{"line":20,"column":23},"end":{"line":20,"column":30}},"5":{"start":{"line":22,"column":2},"end":{"line":24,"column":3}},"6":{"start":{"line":23,"column":4},"end":{"line":23,"column":88}},"7":{"start":{"line":26,"column":2},"end":{"line":41,"column":4}}},"fnMap":{"0":{"name":"Avatar","decl":{"start":{"line":16,"column":16},"end":{"line":16,"column":22}},"loc":{"start":{"line":16,"column":68},"end":{"line":42,"column":1}},"line":16}},"branchMap":{"0":{"loc":{"start":{"line":16,"column":40},"end":{"line":16,"column":51}},"type":"default-arg","locations":[{"start":{"line":16,"column":47},"end":{"line":16,"column":51}}],"line":16},"1":{"loc":{"start":{"line":22,"column":2},"end":{"line":24,"column":3}},"type":"if","locations":[{"start":{"line":22,"column":2},"end":{"line":24,"column":3}},{"start":{},"end":{}}],"line":22},"2":{"loc":{"start":{"line":38,"column":10},"end":{"line":38,"column":25}},"type":"binary-expr","locations":[{"start":{"line":38,"column":10},"end":{"line":38,"column":18}},{"start":{"line":38,"column":22},"end":{"line":38,"column":25}}],"line":38}},"s":{"0":6,"1":20,"2":20,"3":20,"4":20,"5":20,"6":13,"7":7},"f":{"0":20},"b":{"0":[4],"1":[13,7],"2":[7,1]},"_coverageSchema":"1a1c01bbd47fc00a2c39e90264f33305004495a9","hash":"479b53e1d0e5fb85dc22460252fb13cc684475c6"}
,"/Users/italo/Documents/projetos/element-test/src/presentation/components/ds/Badge.tsx": {"path":"/Users/italo/Documents/projetos/element-test/src/presentation/components/ds/Badge.tsx","statementMap":{"0":{"start":{"line":17,"column":12},"end":{"line":17,"column":23}},"1":{"start":{"line":19,"column":83},"end":{"line":26,"column":3}},"2":{"start":{"line":28,"column":12},"end":{"line":28,"column":29}},"3":{"start":{"line":30,"column":2},"end":{"line":41,"column":4}},"4":{"start":{"line":44,"column":15},"end":{"line":59,"column":2}}},"fnMap":{"0":{"name":"Badge","decl":{"start":{"line":16,"column":16},"end":{"line":16,"column":21}},"loc":{"start":{"line":16,"column":78},"end":{"line":42,"column":1}},"line":16}},"branchMap":{"0":{"loc":{"start":{"line":16,"column":31},"end":{"line":16,"column":50}},"type":"default-arg","locations":[{"start":{"line":16,"column":41},"end":{"line":16,"column":50}}],"line":16},"1":{"loc":{"start":{"line":34,"column":46},"end":{"line":34,"column":70}},"type":"cond-expr","locations":[{"start":{"line":34,"column":65},"end":{"line":34,"column":66}},{"start":{"line":34,"column":69},"end":{"line":34,"column":70}}],"line":34},"2":{"loc":{"start":{"line":38,"column":7},"end":{"line":38,"column":77}},"type":"binary-expr","locations":[{"start":{"line":38,"column":7},"end":{"line":38,"column":18}},{"start":{"line":38,"column":22},"end":{"line":38,"column":77}}],"line":38}},"s":{"0":14,"1":14,"2":14,"3":14,"4":4},"f":{"0":14},"b":{"0":[2],"1":[7,7],"2":[14,7]},"_coverageSchema":"1a1c01bbd47fc00a2c39e90264f33305004495a9","hash":"5eaed90d6ddc4302974b40f81936179584b04d12"}
,"/Users/italo/Documents/projetos/element-test/src/presentation/components/ds/Button.tsx": {"path":"/Users/italo/Documents/projetos/element-test/src/presentation/components/ds/Button.tsx","statementMap":{"0":{"start":{"line":21,"column":74},"end":{"line":25,"column":1}},"1":{"start":{"line":37,"column":12},"end":{"line":37,"column":23}},"2":{"start":{"line":38,"column":12},"end":{"line":38,"column":23}},"3":{"start":{"line":40,"column":83},"end":{"line":45,"column":3}},"4":{"start":{"line":47,"column":12},"end":{"line":47,"column":29}},"5":{"start":{"line":49,"column":2},"end":{"line":82,"column":4}},"6":{"start":{"line":53,"column":30},"end":{"line":65,"column":7}},"7":{"start":{"line":85,"column":15},"end":{"line":93,"column":2}}},"fnMap":{"0":{"name":"Button","decl":{"start":{"line":27,"column":16},"end":{"line":27,"column":22}},"loc":{"start":{"line":36,"column":16},"end":{"line":83,"column":1}},"line":36},"1":{"name":"(anonymous_1)","decl":{"start":{"line":53,"column":13},"end":{"line":53,"column":14}},"loc":{"start":{"line":53,"column":30},"end":{"line":65,"column":7}},"line":53}},"branchMap":{"0":{"loc":{"start":{"line":30,"column":2},"end":{"line":30,"column":21}},"type":"default-arg","locations":[{"start":{"line":30,"column":12},"end":{"line":30,"column":21}}],"line":30},"1":{"loc":{"start":{"line":31,"column":2},"end":{"line":31,"column":13}},"type":"default-arg","locations":[{"start":{"line":31,"column":9},"end":{"line":31,"column":13}}],"line":31},"2":{"loc":{"start":{"line":32,"column":2},"end":{"line":32,"column":17}},"type":"default-arg","locations":[{"start":{"line":32,"column":12},"end":{"line":32,"column":17}}],"line":32},"3":{"loc":{"start":{"line":33,"column":2},"end":{"line":33,"column":18}},"type":"default-arg","locations":[{"start":{"line":33,"column":13},"end":{"line":33,"column":18}}],"line":33},"4":{"loc":{"start":{"line":34,"column":2},"end":{"line":34,"column":19}},"type":"default-arg","locations":[{"start":{"line":34,"column":14},"end":{"line":34,"column":19}}],"line":34},"5":{"loc":{"start":{"line":52,"column":16},"end":{"line":52,"column":35}},"type":"binary-expr","locations":[{"start":{"line":52,"column":16},"end":{"line":52,"column":24}},{"start":{"line":52,"column":28},"end":{"line":52,"column":35}}],"line":52},"6":{"loc":{"start":{"line":59,"column":23},"end":{"line":59,"column":47}},"type":"cond-expr","locations":[{"start":{"line":59,"column":42},"end":{"line":59,"column":43}},{"start":{"line":59,"column":46},"end":{"line":59,"column":47}}],"line":59},"7":{"loc":{"start":{"line":61,"column":19},"end":{"line":61,"column":48}},"type":"cond-expr","locations":[{"start":{"line":61,"column":41},"end":{"line":61,"column":44}},{"start":{"line":61,"column":47},"end":{"line":61,"column":48}}],"line":61},"8":{"loc":{"start":{"line":61,"column":19},"end":{"line":61,"column":38}},"type":"binary-expr","locations":[{"start":{"line":61,"column":19},"end":{"line":61,"column":26}},{"start":{"line":61,"column":30},"end":{"line":61,"column":38}}],"line":61},"9":{"loc":{"start":{"line":62,"column":21},"end":{"line":62,"column":57}},"type":"cond-expr","locations":[{"start":{"line":62,"column":33},"end":{"line":62,"column":42}},{"start":{"line":62,"column":45},"end":{"line":62,"column":57}}],"line":62},"10":{"loc":{"start":{"line":67,"column":7},"end":{"line":80,"column":7}},"type":"cond-expr","locations":[{"start":{"line":68,"column":8},"end":{"line":68,"column":57}},{"start":{"line":70,"column":8},"end":{"line":79,"column":15}}],"line":67}},"s":{"0":6,"1":13,"2":13,"3":13,"4":13,"5":13,"6":13,"7":6},"f":{"0":13,"1":13},"b":{"0":[4],"1":[13],"2":[12],"3":[11],"4":[12],"5":[13,12],"6":[6,7],"7":[1,12],"8":[13,13],"9":[1,12],"10":[1,12]},"_coverageSchema":"1a1c01bbd47fc00a2c39e90264f33305004495a9","hash":"5dd665faaa1e956650f0fcea64cb88c038e19e46"}
,"/Users/italo/Documents/projetos/element-test/src/presentation/components/ds/Card.tsx": {"path":"/Users/italo/Documents/projetos/element-test/src/presentation/components/ds/Card.tsx","statementMap":{"0":{"start":{"line":13,"column":12},"end":{"line":13,"column":23}},"1":{"start":{"line":15,"column":31},"end":{"line":21,"column":3}},"2":{"start":{"line":23,"column":2},"end":{"line":32,"column":3}},"3":{"start":{"line":24,"column":4},"end":{"line":31,"column":6}},"4":{"start":{"line":27,"column":32},"end":{"line":27,"column":96}},"5":{"start":{"line":34,"column":2},"end":{"line":34,"column":60}}},"fnMap":{"0":{"name":"Card","decl":{"start":{"line":12,"column":16},"end":{"line":12,"column":20}},"loc":{"start":{"line":12,"column":62},"end":{"line":35,"column":1}},"line":12},"1":{"name":"(anonymous_1)","decl":{"start":{"line":27,"column":15},"end":{"line":27,"column":16}},"loc":{"start":{"line":27,"column":32},"end":{"line":27,"column":96}},"line":27}},"branchMap":{"0":{"loc":{"start":{"line":23,"column":2},"end":{"line":32,"column":3}},"type":"if","locations":[{"start":{"line":23,"column":2},"end":{"line":32,"column":3}},{"start":{},"end":{}}],"line":23},"1":{"loc":{"start":{"line":27,"column":44},"end":{"line":27,"column":88}},"type":"binary-expr","locations":[{"start":{"line":27,"column":44},"end":{"line":27,"column":51}},{"start":{"line":27,"column":55},"end":{"line":27,"column":88}}],"line":27}},"s":{"0":10,"1":10,"2":10,"3":3,"4":3,"5":7},"f":{"0":10,"1":3},"b":{"0":[3,7],"1":[3,0]},"_coverageSchema":"1a1c01bbd47fc00a2c39e90264f33305004495a9","hash":"fff6f5b347a82acb66efb1189ccfd8dd49f57b4c"}
,"/Users/italo/Documents/projetos/element-test/src/presentation/components/ds/Input.tsx": {"path":"/Users/italo/Documents/projetos/element-test/src/presentation/components/ds/Input.tsx","statementMap":{"0":{"start":{"line":13,"column":12},"end":{"line":13,"column":23}},"1":{"start":{"line":14,"column":32},"end":{"line":14,"column":47}},"2":{"start":{"line":16,"column":2},"end":{"line":37,"column":4}},"3":{"start":{"line":31,"column":23},"end":{"line":31,"column":39}},"4":{"start":{"line":32,"column":22},"end":{"line":32,"column":39}},"5":{"start":{"line":40,"column":15},"end":{"line":59,"column":2}}},"fnMap":{"0":{"name":"Input","decl":{"start":{"line":12,"column":16},"end":{"line":12,"column":21}},"loc":{"start":{"line":12,"column":91},"end":{"line":38,"column":1}},"line":12},"1":{"name":"(anonymous_1)","decl":{"start":{"line":31,"column":17},"end":{"line":31,"column":18}},"loc":{"start":{"line":31,"column":23},"end":{"line":31,"column":39}},"line":31},"2":{"name":"(anonymous_2)","decl":{"start":{"line":32,"column":16},"end":{"line":32,"column":17}},"loc":{"start":{"line":32,"column":22},"end":{"line":32,"column":39}},"line":32}},"branchMap":{"0":{"loc":{"start":{"line":21,"column":27},"end":{"line":21,"column":66}},"type":"cond-expr","locations":[{"start":{"line":21,"column":37},"end":{"line":21,"column":51}},{"start":{"line":21,"column":54},"end":{"line":21,"column":66}}],"line":21},"1":{"loc":{"start":{"line":22,"column":23},"end":{"line":22,"column":67}},"type":"cond-expr","locations":[{"start":{"line":22,"column":33},"end":{"line":22,"column":48}},{"start":{"line":22,"column":51},"end":{"line":22,"column":67}}],"line":22},"2":{"loc":{"start":{"line":27,"column":7},"end":{"line":27,"column":70}},"type":"binary-expr","locations":[{"start":{"line":27,"column":7},"end":{"line":27,"column":23}},{"start":{"line":27,"column":27},"end":{"line":27,"column":70}}],"line":27},"3":{"loc":{"start":{"line":35,"column":7},"end":{"line":35,"column":72}},"type":"binary-expr","locations":[{"start":{"line":35,"column":7},"end":{"line":35,"column":24}},{"start":{"line":35,"column":28},"end":{"line":35,"column":72}}],"line":35}},"s":{"0":13,"1":13,"2":13,"3":0,"4":0,"5":4},"f":{"0":13,"1":0,"2":0},"b":{"0":[0,13],"1":[0,13],"2":[13,9],"3":[13,3]},"_coverageSchema":"1a1c01bbd47fc00a2c39e90264f33305004495a9","hash":"4e23c32817a1821f48de80a4a0c4dbfdab45dd39"}
,"/Users/italo/Documents/projetos/element-test/src/presentation/components/ds/Switch.tsx": {"path":"/Users/italo/Documents/projetos/element-test/src/presentation/components/ds/Switch.tsx","statementMap":{"0":{"start":{"line":14,"column":20},"end":{"line":14,"column":22}},"1":{"start":{"line":15,"column":21},"end":{"line":15,"column":23}},"2":{"start":{"line":16,"column":19},"end":{"line":16,"column":21}},"3":{"start":{"line":17,"column":18},"end":{"line":17,"column":19}},"4":{"start":{"line":18,"column":17},"end":{"line":18,"column":45}},"5":{"start":{"line":19,"column":17},"end":{"line":19,"column":20}},"6":{"start":{"line":20,"column":15},"end":{"line":20,"column":38}},"7":{"start":{"line":29,"column":12},"end":{"line":29,"column":23}},"8":{"start":{"line":32,"column":19},"end":{"line":32,"column":63}},"9":{"start":{"line":33,"column":19},"end":{"line":33,"column":48}},"10":{"start":{"line":34,"column":19},"end":{"line":34,"column":57}},"11":{"start":{"line":35,"column":18},"end":{"line":35,"column":49}},"12":{"start":{"line":38,"column":2},"end":{"line":44,"column":34}},"13":{"start":{"line":39,"column":4},"end":{"line":42,"column":7}},"14":{"start":{"line":43,"column":4},"end":{"line":43,"column":87}},"15":{"start":{"line":47,"column":2},"end":{"line":50,"column":67}},"16":{"start":{"line":48,"column":4},"end":{"line":48,"column":44}},"17":{"start":{"line":49,"column":4},"end":{"line":49,"column":36}},"18":{"start":{"line":53,"column":18},"end":{"line":55,"column":3}},"19":{"start":{"line":54,"column":4},"end":{"line":54,"column":77}},"20":{"start":{"line":57,"column":21},"end":{"line":59,"column":5}},"21":{"start":{"line":57,"column":45},"end":{"line":59,"column":3}},"22":{"start":{"line":61,"column":21},"end":{"line":63,"column":5}},"23":{"start":{"line":61,"column":45},"end":{"line":63,"column":3}},"24":{"start":{"line":65,"column":2},"end":{"line":77,"column":4}},"25":{"start":{"line":67,"column":21},"end":{"line":67,"column":42}},"26":{"start":{"line":80,"column":15},"end":{"line":99,"column":2}}},"fnMap":{"0":{"name":"Switch","decl":{"start":{"line":28,"column":16},"end":{"line":28,"column":22}},"loc":{"start":{"line":28,"column":82},"end":{"line":78,"column":1}},"line":28},"1":{"name":"(anonymous_1)","decl":{"start":{"line":38,"column":12},"end":{"line":38,"column":13}},"loc":{"start":{"line":38,"column":18},"end":{"line":44,"column":3}},"line":38},"2":{"name":"(anonymous_2)","decl":{"start":{"line":47,"column":12},"end":{"line":47,"column":13}},"loc":{"start":{"line":47,"column":18},"end":{"line":50,"column":3}},"line":47},"3":{"name":"(anonymous_3)","decl":{"start":{"line":53,"column":34},"end":{"line":53,"column":35}},"loc":{"start":{"line":54,"column":4},"end":{"line":54,"column":77}},"line":54},"4":{"name":"(anonymous_4)","decl":{"start":{"line":57,"column":38},"end":{"line":57,"column":39}},"loc":{"start":{"line":57,"column":45},"end":{"line":59,"column":3}},"line":57},"5":{"name":"(anonymous_5)","decl":{"start":{"line":61,"column":38},"end":{"line":61,"column":39}},"loc":{"start":{"line":61,"column":45},"end":{"line":63,"column":3}},"line":61},"6":{"name":"(anonymous_6)","decl":{"start":{"line":67,"column":15},"end":{"line":67,"column":16}},"loc":{"start":{"line":67,"column":21},"end":{"line":67,"column":42}},"line":67}},"branchMap":{"0":{"loc":{"start":{"line":32,"column":34},"end":{"line":32,"column":62}},"type":"cond-expr","locations":[{"start":{"line":32,"column":42},"end":{"line":32,"column":50}},{"start":{"line":32,"column":53},"end":{"line":32,"column":62}}],"line":32},"1":{"loc":{"start":{"line":33,"column":34},"end":{"line":33,"column":47}},"type":"cond-expr","locations":[{"start":{"line":33,"column":42},"end":{"line":33,"column":43}},{"start":{"line":33,"column":46},"end":{"line":33,"column":47}}],"line":33},"2":{"loc":{"start":{"line":39,"column":32},"end":{"line":39,"column":60}},"type":"cond-expr","locations":[{"start":{"line":39,"column":40},"end":{"line":39,"column":48}},{"start":{"line":39,"column":51},"end":{"line":39,"column":60}}],"line":39},"3":{"loc":{"start":{"line":43,"column":32},"end":{"line":43,"column":45}},"type":"cond-expr","locations":[{"start":{"line":43,"column":40},"end":{"line":43,"column":41}},{"start":{"line":43,"column":44},"end":{"line":43,"column":45}}],"line":43}},"s":{"0":3,"1":3,"2":3,"3":3,"4":3,"5":3,"6":3,"7":5,"8":5,"9":5,"10":5,"11":5,"12":5,"13":5,"14":5,"15":5,"16":5,"17":5,"18":5,"19":5,"20":5,"21":5,"22":5,"23":5,"24":5,"25":2,"26":3},"f":{"0":5,"1":5,"2":5,"3":5,"4":5,"5":5,"6":2},"b":{"0":[2,3],"1":[2,3],"2":[2,3],"3":[2,3]},"_coverageSchema":"1a1c01bbd47fc00a2c39e90264f33305004495a9","hash":"cd56a873a00ed8b2172218b3d4da6450db44e2e9"}
,"/Users/italo/Documents/projetos/element-test/src/presentation/components/ds/Text.tsx": {"path":"/Users/italo/Documents/projetos/element-test/src/presentation/components/ds/Text.tsx","statementMap":{"0":{"start":{"line":15,"column":12},"end":{"line":15,"column":23}},"1":{"start":{"line":17,"column":42},"end":{"line":25,"column":3}},"2":{"start":{"line":27,"column":2},"end":{"line":27,"column":95}}},"fnMap":{"0":{"name":"Text","decl":{"start":{"line":14,"column":16},"end":{"line":14,"column":20}},"loc":{"start":{"line":14,"column":93},"end":{"line":28,"column":1}},"line":14}},"branchMap":{"0":{"loc":{"start":{"line":14,"column":23},"end":{"line":14,"column":41}},"type":"default-arg","locations":[{"start":{"line":14,"column":33},"end":{"line":14,"column":41}}],"line":14},"1":{"loc":{"start":{"line":14,"column":43},"end":{"line":14,"column":60}},"type":"default-arg","locations":[{"start":{"line":14,"column":51},"end":{"line":14,"column":60}}],"line":14}},"s":{"0":155,"1":155,"2":155},"f":{"0":155},"b":{"0":[51],"1":[85]},"_coverageSchema":"1a1c01bbd47fc00a2c39e90264f33305004495a9","hash":"8c9cefedeb88a5dcb051f6a7e0c387e5e88820ff"}
,"/Users/italo/Documents/projetos/element-test/src/presentation/components/ds/ThemeSwitch.tsx": {"path":"/Users/italo/Documents/projetos/element-test/src/presentation/components/ds/ThemeSwitch.tsx","statementMap":{"0":{"start":{"line":9,"column":29},"end":{"line":9,"column":43}},"1":{"start":{"line":10,"column":12},"end":{"line":10,"column":23}},"2":{"start":{"line":12,"column":2},"end":{"line":18,"column":4}},"3":{"start":{"line":21,"column":15},"end":{"line":27,"column":2}}},"fnMap":{"0":{"name":"ThemeSwitch","decl":{"start":{"line":8,"column":16},"end":{"line":8,"column":27}},"loc":{"start":{"line":8,"column":30},"end":{"line":19,"column":1}},"line":8}},"branchMap":{},"s":{"0":0,"1":0,"2":0,"3":2},"f":{"0":0},"b":{},"_coverageSchema":"1a1c01bbd47fc00a2c39e90264f33305004495a9","hash":"a155138a590b323dc84a5dae6dd69b5d43fdc34e"}
,"/Users/italo/Documents/projetos/element-test/src/presentation/components/ds/index.ts": {"path":"/Users/italo/Documents/projetos/element-test/src/presentation/components/ds/index.ts","statementMap":{},"fnMap":{},"branchMap":{},"s":{},"f":{},"b":{},"_coverageSchema":"1a1c01bbd47fc00a2c39e90264f33305004495a9","hash":"d259db515335917aa3e467a2367d2d4850d53e70"}
,"/Users/italo/Documents/projetos/element-test/src/presentation/components/ds/tokens.ts": {"path":"/Users/italo/Documents/projetos/element-test/src/presentation/components/ds/tokens.ts","statementMap":{"0":{"start":{"line":34,"column":41},"end":{"line":64,"column":1}},"1":{"start":{"line":66,"column":40},"end":{"line":96,"column":1}},"2":{"start":{"line":99,"column":22},"end":{"line":99,"column":33}},"3":{"start":{"line":101,"column":26},"end":{"line":111,"column":10}},"4":{"start":{"line":113,"column":23},"end":{"line":125,"column":10}},"5":{"start":{"line":127,"column":21},"end":{"line":134,"column":10}},"6":{"start":{"line":137,"column":30},"end":{"line":152,"column":10}},"7":{"start":{"line":157,"column":2},"end":{"line":157,"column":94}}},"fnMap":{"0":{"name":"getLanguageColor","decl":{"start":{"line":156,"column":16},"end":{"line":156,"column":32}},"loc":{"start":{"line":156,"column":77},"end":{"line":158,"column":1}},"line":156}},"branchMap":{"0":{"loc":{"start":{"line":157,"column":9},"end":{"line":157,"column":93}},"type":"cond-expr","locations":[{"start":{"line":157,"column":38},"end":{"line":157,"column":82}},{"start":{"line":157,"column":85},"end":{"line":157,"column":93}}],"line":157}},"s":{"0":21,"1":21,"2":21,"3":21,"4":21,"5":21,"6":21,"7":24},"f":{"0":24},"b":{"0":[22,2]},"_coverageSchema":"1a1c01bbd47fc00a2c39e90264f33305004495a9","hash":"eda5ea3b0ee2df4dce665e136eacf2e3e1fd4daf"}
,"/Users/italo/Documents/projetos/element-test/src/presentation/components/issues/IssueItem.tsx": {"path":"/Users/italo/Documents/projetos/element-test/src/presentation/components/issues/IssueItem.tsx","statementMap":{"0":{"start":{"line":16,"column":14},"end":{"line":16,"column":24}},"1":{"start":{"line":17,"column":15},"end":{"line":17,"column":35}},"2":{"start":{"line":18,"column":18},"end":{"line":18,"column":43}},"3":{"start":{"line":19,"column":16},"end":{"line":19,"column":44}},"4":{"start":{"line":20,"column":15},"end":{"line":20,"column":44}},"5":{"start":{"line":21,"column":17},"end":{"line":21,"column":38}},"6":{"start":{"line":22,"column":16},"end":{"line":22,"column":38}},"7":{"start":{"line":24,"column":2},"end":{"line":24,"column":49}},"8":{"start":{"line":24,"column":20},"end":{"line":24,"column":49}},"9":{"start":{"line":25,"column":2},"end":{"line":25,"column":43}},"10":{"start":{"line":25,"column":18},"end":{"line":25,"column":43}},"11":{"start":{"line":26,"column":2},"end":{"line":26,"column":41}},"12":{"start":{"line":26,"column":17},"end":{"line":26,"column":41}},"13":{"start":{"line":27,"column":2},"end":{"line":27,"column":78}},"14":{"start":{"line":27,"column":19},"end":{"line":27,"column":78}},"15":{"start":{"line":28,"column":2},"end":{"line":28,"column":58}},"16":{"start":{"line":32,"column":12},"end":{"line":32,"column":23}},"17":{"start":{"line":34,"column":2},"end":{"line":69,"column":4}},"18":{"start":{"line":48,"column":14},"end":{"line":48,"column":61}},"19":{"start":{"line":72,"column":15},"end":{"line":112,"column":2}}},"fnMap":{"0":{"name":"formatRelativeDate","decl":{"start":{"line":15,"column":9},"end":{"line":15,"column":27}},"loc":{"start":{"line":15,"column":48},"end":{"line":29,"column":1}},"line":15},"1":{"name":"IssueItem","decl":{"start":{"line":31,"column":16},"end":{"line":31,"column":25}},"loc":{"start":{"line":31,"column":53},"end":{"line":70,"column":1}},"line":31},"2":{"name":"(anonymous_2)","decl":{"start":{"line":47,"column":42},"end":{"line":47,"column":43}},"loc":{"start":{"line":48,"column":14},"end":{"line":48,"column":61}},"line":48}},"branchMap":{"0":{"loc":{"start":{"line":24,"column":2},"end":{"line":24,"column":49}},"type":"if","locations":[{"start":{"line":24,"column":2},"end":{"line":24,"column":49}},{"start":{},"end":{}}],"line":24},"1":{"loc":{"start":{"line":25,"column":2},"end":{"line":25,"column":43}},"type":"if","locations":[{"start":{"line":25,"column":2},"end":{"line":25,"column":43}},{"start":{},"end":{}}],"line":25},"2":{"loc":{"start":{"line":26,"column":2},"end":{"line":26,"column":41}},"type":"if","locations":[{"start":{"line":26,"column":2},"end":{"line":26,"column":41}},{"start":{},"end":{}}],"line":26},"3":{"loc":{"start":{"line":27,"column":2},"end":{"line":27,"column":78}},"type":"if","locations":[{"start":{"line":27,"column":2},"end":{"line":27,"column":78}},{"start":{},"end":{}}],"line":27},"4":{"loc":{"start":{"line":27,"column":39},"end":{"line":27,"column":69}},"type":"cond-expr","locations":[{"start":{"line":27,"column":54},"end":{"line":27,"column":59}},{"start":{"line":27,"column":62},"end":{"line":27,"column":69}}],"line":27},"5":{"loc":{"start":{"line":28,"column":21},"end":{"line":28,"column":49}},"type":"cond-expr","locations":[{"start":{"line":28,"column":35},"end":{"line":28,"column":40}},{"start":{"line":28,"column":43},"end":{"line":28,"column":49}}],"line":28},"6":{"loc":{"start":{"line":45,"column":9},"end":{"line":51,"column":9}},"type":"binary-expr","locations":[{"start":{"line":45,"column":9},"end":{"line":45,"column":32}},{"start":{"line":46,"column":10},"end":{"line":50,"column":17}}],"line":45}},"s":{"0":5,"1":5,"2":5,"3":5,"4":5,"5":5,"6":5,"7":5,"8":0,"9":5,"10":0,"11":5,"12":0,"13":5,"14":0,"15":5,"16":5,"17":5,"18":2,"19":2},"f":{"0":5,"1":5,"2":2},"b":{"0":[0,5],"1":[0,5],"2":[0,5],"3":[0,5],"4":[0,0],"5":[0,5],"6":[5,1]},"_coverageSchema":"1a1c01bbd47fc00a2c39e90264f33305004495a9","hash":"ae3664821baeb1206ee349aa5ca19d91737b51fa"}
,"/Users/italo/Documents/projetos/element-test/src/presentation/components/issues/IssueLabelChip.tsx": {"path":"/Users/italo/Documents/projetos/element-test/src/presentation/components/issues/IssueLabelChip.tsx","statementMap":{"0":{"start":{"line":12,"column":12},"end":{"line":12,"column":41}},"1":{"start":{"line":13,"column":12},"end":{"line":13,"column":41}},"2":{"start":{"line":14,"column":12},"end":{"line":14,"column":41}},"3":{"start":{"line":15,"column":2},"end":{"line":15,"column":44}},"4":{"start":{"line":19,"column":13},"end":{"line":19,"column":41}},"5":{"start":{"line":20,"column":17},"end":{"line":20,"column":44}},"6":{"start":{"line":21,"column":20},"end":{"line":21,"column":37}},"7":{"start":{"line":23,"column":2},"end":{"line":29,"column":4}},"8":{"start":{"line":32,"column":15},"end":{"line":45,"column":2}}},"fnMap":{"0":{"name":"hexToRgba","decl":{"start":{"line":11,"column":9},"end":{"line":11,"column":18}},"loc":{"start":{"line":11,"column":55},"end":{"line":16,"column":1}},"line":11},"1":{"name":"IssueLabelChip","decl":{"start":{"line":18,"column":16},"end":{"line":18,"column":30}},"loc":{"start":{"line":18,"column":63},"end":{"line":30,"column":1}},"line":18}},"branchMap":{},"s":{"0":10,"1":10,"2":10,"3":10,"4":5,"5":5,"6":5,"7":5,"8":3},"f":{"0":10,"1":5},"b":{},"_coverageSchema":"1a1c01bbd47fc00a2c39e90264f33305004495a9","hash":"6fde54a8d8be459003346346c7ec8410efa4c59c"}
,"/Users/italo/Documents/projetos/element-test/src/presentation/components/issues/IssueList.tsx": {"path":"/Users/italo/Documents/projetos/element-test/src/presentation/components/issues/IssueList.tsx","statementMap":{"0":{"start":{"line":20,"column":12},"end":{"line":20,"column":23}},"1":{"start":{"line":22,"column":21},"end":{"line":25,"column":3}},"2":{"start":{"line":23,"column":45},"end":{"line":23,"column":71}},"3":{"start":{"line":27,"column":23},"end":{"line":27,"column":72}},"4":{"start":{"line":27,"column":52},"end":{"line":27,"column":67}},"5":{"start":{"line":29,"column":2},"end":{"line":31,"column":3}},"6":{"start":{"line":30,"column":4},"end":{"line":30,"column":41}},"7":{"start":{"line":33,"column":2},"end":{"line":35,"column":3}},"8":{"start":{"line":34,"column":4},"end":{"line":34,"column":72}},"9":{"start":{"line":37,"column":2},"end":{"line":45,"column":3}},"10":{"start":{"line":38,"column":4},"end":{"line":44,"column":6}},"11":{"start":{"line":47,"column":2},"end":{"line":64,"column":4}}},"fnMap":{"0":{"name":"IssueList","decl":{"start":{"line":19,"column":16},"end":{"line":19,"column":25}},"loc":{"start":{"line":19,"column":62},"end":{"line":65,"column":1}},"line":19},"1":{"name":"(anonymous_1)","decl":{"start":{"line":23,"column":4},"end":{"line":23,"column":5}},"loc":{"start":{"line":23,"column":45},"end":{"line":23,"column":71}},"line":23},"2":{"name":"(anonymous_2)","decl":{"start":{"line":27,"column":35},"end":{"line":27,"column":36}},"loc":{"start":{"line":27,"column":52},"end":{"line":27,"column":67}},"line":27}},"branchMap":{"0":{"loc":{"start":{"line":29,"column":2},"end":{"line":31,"column":3}},"type":"if","locations":[{"start":{"line":29,"column":2},"end":{"line":31,"column":3}},{"start":{},"end":{}}],"line":29},"1":{"loc":{"start":{"line":33,"column":2},"end":{"line":35,"column":3}},"type":"if","locations":[{"start":{"line":33,"column":2},"end":{"line":35,"column":3}},{"start":{},"end":{}}],"line":33},"2":{"loc":{"start":{"line":37,"column":2},"end":{"line":45,"column":3}},"type":"if","locations":[{"start":{"line":37,"column":2},"end":{"line":45,"column":3}},{"start":{},"end":{}}],"line":37}},"s":{"0":4,"1":4,"2":0,"3":4,"4":0,"5":4,"6":1,"7":3,"8":1,"9":2,"10":2,"11":0},"f":{"0":4,"1":0,"2":0},"b":{"0":[1,3],"1":[1,2],"2":[2,0]},"_coverageSchema":"1a1c01bbd47fc00a2c39e90264f33305004495a9","hash":"626b8f3b25ad407e286309bd10062c93a6f9646c"}
,"/Users/italo/Documents/projetos/element-test/src/presentation/components/issues/IssueStateIndicator.tsx": {"path":"/Users/italo/Documents/projetos/element-test/src/presentation/components/issues/IssueStateIndicator.tsx","statementMap":{"0":{"start":{"line":12,"column":12},"end":{"line":12,"column":23}},"1":{"start":{"line":13,"column":17},"end":{"line":13,"column":33}},"2":{"start":{"line":15,"column":2},"end":{"line":30,"column":4}},"3":{"start":{"line":33,"column":15},"end":{"line":43,"column":2}}},"fnMap":{"0":{"name":"IssueStateIndicator","decl":{"start":{"line":11,"column":16},"end":{"line":11,"column":35}},"loc":{"start":{"line":11,"column":73},"end":{"line":31,"column":1}},"line":11}},"branchMap":{"0":{"loc":{"start":{"line":20,"column":27},"end":{"line":20,"column":73}},"type":"cond-expr","locations":[{"start":{"line":20,"column":36},"end":{"line":20,"column":54}},{"start":{"line":20,"column":57},"end":{"line":20,"column":73}}],"line":20},"1":{"loc":{"start":{"line":24,"column":7},"end":{"line":28,"column":7}},"type":"cond-expr","locations":[{"start":{"line":25,"column":8},"end":{"line":25,"column":91}},{"start":{"line":27,"column":8},"end":{"line":27,"column":63}}],"line":24},"2":{"loc":{"start":{"line":25,"column":45},"end":{"line":25,"column":73}},"type":"cond-expr","locations":[{"start":{"line":25,"column":54},"end":{"line":25,"column":63}},{"start":{"line":25,"column":66},"end":{"line":25,"column":73}}],"line":25}},"s":{"0":9,"1":9,"2":9,"3":3},"f":{"0":9},"b":{"0":[7,2],"1":[7,2],"2":[7,0]},"_coverageSchema":"1a1c01bbd47fc00a2c39e90264f33305004495a9","hash":"5c57d8e12cb849b061703dbfaa1e7639c5be3c7e"}
,"/Users/italo/Documents/projetos/element-test/src/presentation/components/repo/RepoCard.tsx": {"path":"/Users/italo/Documents/projetos/element-test/src/presentation/components/repo/RepoCard.tsx","statementMap":{"0":{"start":{"line":8,"column":2},"end":{"line":8,"column":52}},"1":{"start":{"line":8,"column":17},"end":{"line":8,"column":52}},"2":{"start":{"line":9,"column":2},"end":{"line":9,"column":19}},"3":{"start":{"line":18,"column":12},"end":{"line":18,"column":23}},"4":{"start":{"line":19,"column":20},"end":{"line":19,"column":98}},"5":{"start":{"line":21,"column":2},"end":{"line":57,"column":4}},"6":{"start":{"line":60,"column":15},"end":{"line":78,"column":2}}},"fnMap":{"0":{"name":"formatCount","decl":{"start":{"line":7,"column":9},"end":{"line":7,"column":20}},"loc":{"start":{"line":7,"column":40},"end":{"line":10,"column":1}},"line":7},"1":{"name":"RepoCard","decl":{"start":{"line":17,"column":16},"end":{"line":17,"column":24}},"loc":{"start":{"line":17,"column":59},"end":{"line":58,"column":1}},"line":17}},"branchMap":{"0":{"loc":{"start":{"line":8,"column":2},"end":{"line":8,"column":52}},"type":"if","locations":[{"start":{"line":8,"column":2},"end":{"line":8,"column":52}},{"start":{},"end":{}}],"line":8},"1":{"loc":{"start":{"line":19,"column":20},"end":{"line":19,"column":98}},"type":"cond-expr","locations":[{"start":{"line":19,"column":44},"end":{"line":19,"column":86}},{"start":{"line":19,"column":89},"end":{"line":19,"column":98}}],"line":19},"2":{"loc":{"start":{"line":30,"column":7},"end":{"line":34,"column":7}},"type":"binary-expr","locations":[{"start":{"line":30,"column":7},"end":{"line":30,"column":31}},{"start":{"line":31,"column":8},"end":{"line":33,"column":15}}],"line":30},"3":{"loc":{"start":{"line":37,"column":9},"end":{"line":37,"column":99}},"type":"binary-expr","locations":[{"start":{"line":37,"column":9},"end":{"line":37,"column":30}},{"start":{"line":37,"column":34},"end":{"line":37,"column":99}}],"line":37},"4":{"loc":{"start":{"line":50,"column":9},"end":{"line":54,"column":9}},"type":"binary-expr","locations":[{"start":{"line":50,"column":9},"end":{"line":50,"column":33}},{"start":{"line":51,"column":10},"end":{"line":53,"column":17}}],"line":50}},"s":{"0":12,"1":0,"2":12,"3":6,"4":6,"5":6,"6":2},"f":{"0":12,"1":6},"b":{"0":[0,12],"1":[5,1],"2":[6,5],"3":[6,5],"4":[6,6]},"_coverageSchema":"1a1c01bbd47fc00a2c39e90264f33305004495a9","hash":"581c3e6588152f3a2b85dfcdafe8544e930dafa7"}
,"/Users/italo/Documents/projetos/element-test/src/presentation/components/repo-detail/RepoDetailActions.tsx": {"path":"/Users/italo/Documents/projetos/element-test/src/presentation/components/repo-detail/RepoDetailActions.tsx","statementMap":{"0":{"start":{"line":16,"column":12},"end":{"line":16,"column":23}},"1":{"start":{"line":18,"column":2},"end":{"line":49,"column":4}},"2":{"start":{"line":52,"column":15},"end":{"line":71,"column":2}}},"fnMap":{"0":{"name":"RepoDetailActions","decl":{"start":{"line":15,"column":16},"end":{"line":15,"column":33}},"loc":{"start":{"line":15,"column":88},"end":{"line":50,"column":1}},"line":15}},"branchMap":{"0":{"loc":{"start":{"line":20,"column":21},"end":{"line":20,"column":62}},"type":"cond-expr","locations":[{"start":{"line":20,"column":38},"end":{"line":20,"column":50}},{"start":{"line":20,"column":53},"end":{"line":20,"column":62}}],"line":20},"1":{"loc":{"start":{"line":28,"column":15},"end":{"line":30,"column":40}},"type":"cond-expr","locations":[{"start":{"line":29,"column":18},"end":{"line":29,"column":80}},{"start":{"line":30,"column":18},"end":{"line":30,"column":40}}],"line":28},"2":{"loc":{"start":{"line":29,"column":40},"end":{"line":29,"column":67}},"type":"cond-expr","locations":[{"start":{"line":29,"column":59},"end":{"line":29,"column":62}},{"start":{"line":29,"column":65},"end":{"line":29,"column":67}}],"line":29},"3":{"loc":{"start":{"line":33,"column":11},"end":{"line":37,"column":11}},"type":"binary-expr","locations":[{"start":{"line":33,"column":11},"end":{"line":33,"column":25}},{"start":{"line":34,"column":12},"end":{"line":36,"column":19}}],"line":33}},"s":{"0":1,"1":1,"2":1},"f":{"0":1},"b":{"0":[1,0],"1":[1,0],"2":[1,0],"3":[1,1]},"_coverageSchema":"1a1c01bbd47fc00a2c39e90264f33305004495a9","hash":"9aa99c11e214d6b1c58fb418c3b95dc918f04294"}
,"/Users/italo/Documents/projetos/element-test/src/presentation/components/repo-detail/RepoDetailHeader.tsx": {"path":"/Users/italo/Documents/projetos/element-test/src/presentation/components/repo-detail/RepoDetailHeader.tsx","statementMap":{"0":{"start":{"line":15,"column":12},"end":{"line":15,"column":23}},"1":{"start":{"line":16,"column":20},"end":{"line":16,"column":98}},"2":{"start":{"line":18,"column":2},"end":{"line":44,"column":4}},"3":{"start":{"line":47,"column":15},"end":{"line":61,"column":2}}},"fnMap":{"0":{"name":"RepoDetailHeader","decl":{"start":{"line":14,"column":16},"end":{"line":14,"column":32}},"loc":{"start":{"line":14,"column":66},"end":{"line":45,"column":1}},"line":14}},"branchMap":{"0":{"loc":{"start":{"line":16,"column":20},"end":{"line":16,"column":98}},"type":"cond-expr","locations":[{"start":{"line":16,"column":44},"end":{"line":16,"column":86}},{"start":{"line":16,"column":89},"end":{"line":16,"column":98}}],"line":16},"1":{"loc":{"start":{"line":36,"column":7},"end":{"line":40,"column":7}},"type":"binary-expr","locations":[{"start":{"line":36,"column":7},"end":{"line":36,"column":31}},{"start":{"line":37,"column":8},"end":{"line":39,"column":15}}],"line":36},"2":{"loc":{"start":{"line":42,"column":7},"end":{"line":42,"column":97}},"type":"binary-expr","locations":[{"start":{"line":42,"column":7},"end":{"line":42,"column":28}},{"start":{"line":42,"column":32},"end":{"line":42,"column":97}}],"line":42}},"s":{"0":1,"1":1,"2":1,"3":1},"f":{"0":1},"b":{"0":[1,0],"1":[1,1],"2":[1,1]},"_coverageSchema":"1a1c01bbd47fc00a2c39e90264f33305004495a9","hash":"9f8a120d697246b34459727549fab87e5290ed3c"}
,"/Users/italo/Documents/projetos/element-test/src/presentation/components/repo-detail/RepoDetailLayout.tsx": {"path":"/Users/italo/Documents/projetos/element-test/src/presentation/components/repo-detail/RepoDetailLayout.tsx","statementMap":{"0":{"start":{"line":12,"column":12},"end":{"line":12,"column":23}},"1":{"start":{"line":13,"column":17},"end":{"line":13,"column":36}},"2":{"start":{"line":15,"column":2},"end":{"line":23,"column":4}},"3":{"start":{"line":26,"column":15},"end":{"line":31,"column":2}}},"fnMap":{"0":{"name":"RepoDetailLayout","decl":{"start":{"line":11,"column":16},"end":{"line":11,"column":32}},"loc":{"start":{"line":11,"column":70},"end":{"line":24,"column":1}},"line":11}},"branchMap":{},"s":{"0":1,"1":1,"2":1,"3":1},"f":{"0":1},"b":{},"_coverageSchema":"1a1c01bbd47fc00a2c39e90264f33305004495a9","hash":"90661a4021ace88e42779f021765000a1de7bf28"}
,"/Users/italo/Documents/projetos/element-test/src/presentation/components/repo-detail/RepoDetailStats.tsx": {"path":"/Users/italo/Documents/projetos/element-test/src/presentation/components/repo-detail/RepoDetailStats.tsx","statementMap":{"0":{"start":{"line":12,"column":2},"end":{"line":19,"column":4}},"1":{"start":{"line":22,"column":15},"end":{"line":28,"column":2}}},"fnMap":{"0":{"name":"RepoDetailStats","decl":{"start":{"line":11,"column":16},"end":{"line":11,"column":31}},"loc":{"start":{"line":11,"column":64},"end":{"line":20,"column":1}},"line":11}},"branchMap":{},"s":{"0":1,"1":1},"f":{"0":1},"b":{},"_coverageSchema":"1a1c01bbd47fc00a2c39e90264f33305004495a9","hash":"f1d2b70438e4cd39f2d57e1dae6c2638c3b05244"}
,"/Users/italo/Documents/projetos/element-test/src/presentation/components/repo-detail/StatCard.tsx": {"path":"/Users/italo/Documents/projetos/element-test/src/presentation/components/repo-detail/StatCard.tsx","statementMap":{"0":{"start":{"line":14,"column":2},"end":{"line":14,"column":62}},"1":{"start":{"line":14,"column":22},"end":{"line":14,"column":62}},"2":{"start":{"line":15,"column":2},"end":{"line":15,"column":52}},"3":{"start":{"line":15,"column":17},"end":{"line":15,"column":52}},"4":{"start":{"line":16,"column":2},"end":{"line":16,"column":19}},"5":{"start":{"line":20,"column":12},"end":{"line":20,"column":23}},"6":{"start":{"line":22,"column":2},"end":{"line":34,"column":4}},"7":{"start":{"line":37,"column":15},"end":{"line":48,"column":2}}},"fnMap":{"0":{"name":"formatCount","decl":{"start":{"line":13,"column":9},"end":{"line":13,"column":20}},"loc":{"start":{"line":13,"column":40},"end":{"line":17,"column":1}},"line":13},"1":{"name":"StatCard","decl":{"start":{"line":19,"column":16},"end":{"line":19,"column":24}},"loc":{"start":{"line":19,"column":79},"end":{"line":35,"column":1}},"line":19}},"branchMap":{"0":{"loc":{"start":{"line":14,"column":2},"end":{"line":14,"column":62}},"type":"if","locations":[{"start":{"line":14,"column":2},"end":{"line":14,"column":62}},{"start":{},"end":{}}],"line":14},"1":{"loc":{"start":{"line":15,"column":2},"end":{"line":15,"column":52}},"type":"if","locations":[{"start":{"line":15,"column":2},"end":{"line":15,"column":52}},{"start":{},"end":{}}],"line":15}},"s":{"0":9,"1":1,"2":8,"3":2,"4":6,"5":9,"6":9,"7":2},"f":{"0":9,"1":9},"b":{"0":[1,8],"1":[2,6]},"_coverageSchema":"1a1c01bbd47fc00a2c39e90264f33305004495a9","hash":"d23cce3e4afb1f00e2d55a2043cde173d578ce4f"}
,"/Users/italo/Documents/projetos/element-test/src/presentation/components/repo-detail/index.ts": {"path":"/Users/italo/Documents/projetos/element-test/src/presentation/components/repo-detail/index.ts","statementMap":{},"fnMap":{},"branchMap":{},"s":{},"f":{},"b":{},"_coverageSchema":"1a1c01bbd47fc00a2c39e90264f33305004495a9","hash":"3aabc4cff9902609b161bd354225e38bc515b16a"}
,"/Users/italo/Documents/projetos/element-test/src/presentation/components/search/RepoList.tsx": {"path":"/Users/italo/Documents/projetos/element-test/src/presentation/components/search/RepoList.tsx","statementMap":{"0":{"start":{"line":23,"column":12},"end":{"line":23,"column":23}},"1":{"start":{"line":25,"column":21},"end":{"line":32,"column":3}},"2":{"start":{"line":27,"column":6},"end":{"line":29,"column":13}},"3":{"start":{"line":28,"column":45},"end":{"line":28,"column":62}},"4":{"start":{"line":34,"column":23},"end":{"line":34,"column":71}},"5":{"start":{"line":34,"column":51},"end":{"line":34,"column":66}},"6":{"start":{"line":36,"column":2},"end":{"line":38,"column":3}},"7":{"start":{"line":37,"column":4},"end":{"line":37,"column":41}},"8":{"start":{"line":40,"column":2},"end":{"line":42,"column":3}},"9":{"start":{"line":41,"column":4},"end":{"line":41,"column":72}},"10":{"start":{"line":44,"column":2},"end":{"line":52,"column":3}},"11":{"start":{"line":45,"column":4},"end":{"line":51,"column":6}},"12":{"start":{"line":54,"column":2},"end":{"line":62,"column":3}},"13":{"start":{"line":55,"column":4},"end":{"line":61,"column":6}},"14":{"start":{"line":64,"column":2},"end":{"line":82,"column":4}},"15":{"start":{"line":85,"column":15},"end":{"line":87,"column":2}}},"fnMap":{"0":{"name":"RepoList","decl":{"start":{"line":22,"column":16},"end":{"line":22,"column":24}},"loc":{"start":{"line":22,"column":73},"end":{"line":83,"column":1}},"line":22},"1":{"name":"(anonymous_1)","decl":{"start":{"line":26,"column":4},"end":{"line":26,"column":5}},"loc":{"start":{"line":27,"column":6},"end":{"line":29,"column":13}},"line":27},"2":{"name":"(anonymous_2)","decl":{"start":{"line":28,"column":39},"end":{"line":28,"column":40}},"loc":{"start":{"line":28,"column":45},"end":{"line":28,"column":62}},"line":28},"3":{"name":"(anonymous_3)","decl":{"start":{"line":34,"column":35},"end":{"line":34,"column":36}},"loc":{"start":{"line":34,"column":51},"end":{"line":34,"column":66}},"line":34}},"branchMap":{"0":{"loc":{"start":{"line":36,"column":2},"end":{"line":38,"column":3}},"type":"if","locations":[{"start":{"line":36,"column":2},"end":{"line":38,"column":3}},{"start":{},"end":{}}],"line":36},"1":{"loc":{"start":{"line":40,"column":2},"end":{"line":42,"column":3}},"type":"if","locations":[{"start":{"line":40,"column":2},"end":{"line":42,"column":3}},{"start":{},"end":{}}],"line":40},"2":{"loc":{"start":{"line":44,"column":2},"end":{"line":52,"column":3}},"type":"if","locations":[{"start":{"line":44,"column":2},"end":{"line":52,"column":3}},{"start":{},"end":{}}],"line":44},"3":{"loc":{"start":{"line":54,"column":2},"end":{"line":62,"column":3}},"type":"if","locations":[{"start":{"line":54,"column":2},"end":{"line":62,"column":3}},{"start":{},"end":{}}],"line":54}},"s":{"0":3,"1":3,"2":0,"3":0,"4":3,"5":0,"6":3,"7":0,"8":3,"9":0,"10":3,"11":3,"12":0,"13":0,"14":0,"15":1},"f":{"0":3,"1":0,"2":0,"3":0},"b":{"0":[0,3],"1":[0,3],"2":[3,0],"3":[0,0]},"_coverageSchema":"1a1c01bbd47fc00a2c39e90264f33305004495a9","hash":"e46ed57403a2eda2752a356747ab886ae20fefdf"}
,"/Users/italo/Documents/projetos/element-test/src/presentation/components/search/RepoListFooter.tsx": {"path":"/Users/italo/Documents/projetos/element-test/src/presentation/components/search/RepoListFooter.tsx","statementMap":{"0":{"start":{"line":13,"column":2},"end":{"line":15,"column":3}},"1":{"start":{"line":14,"column":4},"end":{"line":14,"column":43}},"2":{"start":{"line":17,"column":2},"end":{"line":25,"column":3}},"3":{"start":{"line":18,"column":4},"end":{"line":24,"column":6}},"4":{"start":{"line":27,"column":2},"end":{"line":27,"column":14}},"5":{"start":{"line":30,"column":15},"end":{"line":35,"column":2}}},"fnMap":{"0":{"name":"RepoListFooter","decl":{"start":{"line":12,"column":16},"end":{"line":12,"column":30}},"loc":{"start":{"line":12,"column":85},"end":{"line":28,"column":1}},"line":12}},"branchMap":{"0":{"loc":{"start":{"line":13,"column":2},"end":{"line":15,"column":3}},"type":"if","locations":[{"start":{"line":13,"column":2},"end":{"line":15,"column":3}},{"start":{},"end":{}}],"line":13},"1":{"loc":{"start":{"line":17,"column":2},"end":{"line":25,"column":3}},"type":"if","locations":[{"start":{"line":17,"column":2},"end":{"line":25,"column":3}},{"start":{},"end":{}}],"line":17}},"s":{"0":0,"1":0,"2":0,"3":0,"4":0,"5":2},"f":{"0":0},"b":{"0":[0,0],"1":[0,0]},"_coverageSchema":"1a1c01bbd47fc00a2c39e90264f33305004495a9","hash":"ccd5a4dfa62598bdae9418b52acbb0b5a5fbe122"}
,"/Users/italo/Documents/projetos/element-test/src/presentation/components/search/SearchBar.tsx": {"path":"/Users/italo/Documents/projetos/element-test/src/presentation/components/search/SearchBar.tsx","statementMap":{"0":{"start":{"line":14,"column":12},"end":{"line":14,"column":23}},"1":{"start":{"line":16,"column":2},"end":{"line":35,"column":4}},"2":{"start":{"line":28,"column":38},"end":{"line":28,"column":54}},"3":{"start":{"line":38,"column":15},"end":{"line":44,"column":2}}},"fnMap":{"0":{"name":"SearchBar","decl":{"start":{"line":13,"column":16},"end":{"line":13,"column":25}},"loc":{"start":{"line":13,"column":67},"end":{"line":36,"column":1}},"line":13},"1":{"name":"(anonymous_1)","decl":{"start":{"line":28,"column":32},"end":{"line":28,"column":33}},"loc":{"start":{"line":28,"column":38},"end":{"line":28,"column":54}},"line":28}},"branchMap":{"0":{"loc":{"start":{"line":27,"column":10},"end":{"line":31,"column":23}},"type":"cond-expr","locations":[{"start":{"line":28,"column":12},"end":{"line":30,"column":24}},{"start":{"line":31,"column":14},"end":{"line":31,"column":23}}],"line":27}},"s":{"0":8,"1":8,"2":0,"3":2},"f":{"0":8,"1":0},"b":{"0":[2,6]},"_coverageSchema":"1a1c01bbd47fc00a2c39e90264f33305004495a9","hash":"f18659fab547cd27fc343be5125bfc28e0043861"}
,"/Users/italo/Documents/projetos/element-test/src/presentation/components/search/SearchResultsHeader.tsx": {"path":"/Users/italo/Documents/projetos/element-test/src/presentation/components/search/SearchResultsHeader.tsx","statementMap":{"0":{"start":{"line":12,"column":2},"end":{"line":12,"column":52}},"1":{"start":{"line":12,"column":17},"end":{"line":12,"column":52}},"2":{"start":{"line":13,"column":2},"end":{"line":13,"column":19}},"3":{"start":{"line":17,"column":2},"end":{"line":26,"column":4}},"4":{"start":{"line":29,"column":15},"end":{"line":35,"column":2}}},"fnMap":{"0":{"name":"formatCount","decl":{"start":{"line":11,"column":9},"end":{"line":11,"column":20}},"loc":{"start":{"line":11,"column":40},"end":{"line":14,"column":1}},"line":11},"1":{"name":"SearchResultsHeader","decl":{"start":{"line":16,"column":16},"end":{"line":16,"column":35}},"loc":{"start":{"line":16,"column":85},"end":{"line":27,"column":1}},"line":16}},"branchMap":{"0":{"loc":{"start":{"line":12,"column":2},"end":{"line":12,"column":52}},"type":"if","locations":[{"start":{"line":12,"column":2},"end":{"line":12,"column":52}},{"start":{},"end":{}}],"line":12},"1":{"loc":{"start":{"line":20,"column":44},"end":{"line":20,"column":71}},"type":"cond-expr","locations":[{"start":{"line":20,"column":63},"end":{"line":20,"column":66}},{"start":{"line":20,"column":69},"end":{"line":20,"column":71}}],"line":20}},"s":{"0":0,"1":0,"2":0,"3":0,"4":1},"f":{"0":0,"1":0},"b":{"0":[0,0],"1":[0,0]},"_coverageSchema":"1a1c01bbd47fc00a2c39e90264f33305004495a9","hash":"8453f992fe98f4bde5692b401db168127f8d269b"}
,"/Users/italo/Documents/projetos/element-test/src/presentation/screens/IssuesScreen.tsx": {"path":"/Users/italo/Documents/projetos/element-test/src/presentation/screens/IssuesScreen.tsx","statementMap":{"0":{"start":{"line":8,"column":26},"end":{"line":8,"column":38}},"1":{"start":{"line":9,"column":27},"end":{"line":9,"column":58}},"2":{"start":{"line":11,"column":2},"end":{"line":15,"column":4}}},"fnMap":{"0":{"name":"IssuesScreen","decl":{"start":{"line":7,"column":16},"end":{"line":7,"column":28}},"loc":{"start":{"line":7,"column":59},"end":{"line":16,"column":1}},"line":7}},"branchMap":{},"s":{"0":4,"1":4,"2":4},"f":{"0":4},"b":{},"_coverageSchema":"1a1c01bbd47fc00a2c39e90264f33305004495a9","hash":"a4c1294f9a673ae284fb877312904b4ca811c79a"}
,"/Users/italo/Documents/projetos/element-test/src/presentation/screens/RepoDetailScreen.tsx": {"path":"/Users/italo/Documents/projetos/element-test/src/presentation/screens/RepoDetailScreen.tsx","statementMap":{"0":{"start":{"line":18,"column":36},"end":{"line":18,"column":48}},"1":{"start":{"line":19,"column":27},"end":{"line":19,"column":62}},"2":{"start":{"line":20,"column":21},"end":{"line":20,"column":59}},"3":{"start":{"line":22,"column":27},"end":{"line":24,"column":41}},"4":{"start":{"line":23,"column":4},"end":{"line":23,"column":61}},"5":{"start":{"line":26,"column":2},"end":{"line":28,"column":3}},"6":{"start":{"line":27,"column":4},"end":{"line":27,"column":41}},"7":{"start":{"line":30,"column":2},"end":{"line":34,"column":3}},"8":{"start":{"line":31,"column":4},"end":{"line":33,"column":6}},"9":{"start":{"line":36,"column":2},"end":{"line":42,"column":4}}},"fnMap":{"0":{"name":"RepoDetailScreen","decl":{"start":{"line":17,"column":16},"end":{"line":17,"column":32}},"loc":{"start":{"line":17,"column":67},"end":{"line":43,"column":1}},"line":17},"1":{"name":"(anonymous_1)","decl":{"start":{"line":22,"column":39},"end":{"line":22,"column":40}},"loc":{"start":{"line":22,"column":45},"end":{"line":24,"column":3}},"line":22}},"branchMap":{"0":{"loc":{"start":{"line":26,"column":2},"end":{"line":28,"column":3}},"type":"if","locations":[{"start":{"line":26,"column":2},"end":{"line":28,"column":3}},{"start":{},"end":{}}],"line":26},"1":{"loc":{"start":{"line":30,"column":2},"end":{"line":34,"column":3}},"type":"if","locations":[{"start":{"line":30,"column":2},"end":{"line":34,"column":3}},{"start":{},"end":{}}],"line":30},"2":{"loc":{"start":{"line":30,"column":6},"end":{"line":30,"column":47}},"type":"binary-expr","locations":[{"start":{"line":30,"column":6},"end":{"line":30,"column":25}},{"start":{"line":30,"column":29},"end":{"line":30,"column":47}}],"line":30},"3":{"loc":{"start":{"line":32,"column":27},"end":{"line":32,"column":71}},"type":"binary-expr","locations":[{"start":{"line":32,"column":27},"end":{"line":32,"column":38}},{"start":{"line":32,"column":42},"end":{"line":32,"column":71}}],"line":32}},"s":{"0":3,"1":3,"2":3,"3":3,"4":0,"5":3,"6":1,"7":2,"8":1,"9":1},"f":{"0":3,"1":0},"b":{"0":[1,2],"1":[1,1],"2":[2,1],"3":[1,0]},"_coverageSchema":"1a1c01bbd47fc00a2c39e90264f33305004495a9","hash":"37c6a173faa07c50dccd65c2d72a00ee0b69d3f1"}
,"/Users/italo/Documents/projetos/element-test/src/presentation/screens/SearchScreen.tsx": {"path":"/Users/italo/Documents/projetos/element-test/src/presentation/screens/SearchScreen.tsx","statementMap":{"0":{"start":{"line":11,"column":27},"end":{"line":11,"column":47}},"1":{"start":{"line":12,"column":21},"end":{"line":12,"column":59}},"2":{"start":{"line":14,"column":26},"end":{"line":23,"column":3}},"3":{"start":{"line":16,"column":6},"end":{"line":20,"column":9}},"4":{"start":{"line":25,"column":2},"end":{"line":30,"column":4}}},"fnMap":{"0":{"name":"SearchScreen","decl":{"start":{"line":10,"column":16},"end":{"line":10,"column":28}},"loc":{"start":{"line":10,"column":56},"end":{"line":31,"column":1}},"line":10},"1":{"name":"(anonymous_1)","decl":{"start":{"line":15,"column":4},"end":{"line":15,"column":5}},"loc":{"start":{"line":15,"column":20},"end":{"line":21,"column":5}},"line":15}},"branchMap":{},"s":{"0":3,"1":3,"2":3,"3":0,"4":3},"f":{"0":3,"1":0},"b":{},"_coverageSchema":"1a1c01bbd47fc00a2c39e90264f33305004495a9","hash":"852eaa1d8086cd0d497f65a6a42eb14be319c193"}
,"/Users/italo/Documents/projetos/element-test/src/presentation/theme/ThemeModeContext.tsx": {"path":"/Users/italo/Documents/projetos/element-test/src/presentation/theme/ThemeModeContext.tsx","statementMap":{"0":{"start":{"line":12,"column":25},"end":{"line":12,"column":74}},"1":{"start":{"line":15,"column":23},"end":{"line":15,"column":39}},"2":{"start":{"line":16,"column":26},"end":{"line":16,"column":89}},"3":{"start":{"line":18,"column":17},"end":{"line":20,"column":8}},"4":{"start":{"line":19,"column":4},"end":{"line":19,"column":61}},"5":{"start":{"line":19,"column":23},"end":{"line":19,"column":58}},"6":{"start":{"line":22,"column":16},"end":{"line":25,"column":3}},"7":{"start":{"line":23,"column":11},"end":{"line":23,"column":52}},"8":{"start":{"line":27,"column":2},"end":{"line":27,"column":89}},"9":{"start":{"line":31,"column":14},"end":{"line":31,"column":42}},"10":{"start":{"line":32,"column":2},"end":{"line":34,"column":3}},"11":{"start":{"line":33,"column":4},"end":{"line":33,"column":74}},"12":{"start":{"line":35,"column":2},"end":{"line":35,"column":13}}},"fnMap":{"0":{"name":"ThemeModeProvider","decl":{"start":{"line":14,"column":16},"end":{"line":14,"column":33}},"loc":{"start":{"line":14,"column":79},"end":{"line":28,"column":1}},"line":14},"1":{"name":"(anonymous_1)","decl":{"start":{"line":18,"column":29},"end":{"line":18,"column":30}},"loc":{"start":{"line":18,"column":35},"end":{"line":20,"column":3}},"line":18},"2":{"name":"(anonymous_2)","decl":{"start":{"line":19,"column":12},"end":{"line":19,"column":13}},"loc":{"start":{"line":19,"column":23},"end":{"line":19,"column":58}},"line":19},"3":{"name":"(anonymous_3)","decl":{"start":{"line":23,"column":4},"end":{"line":23,"column":5}},"loc":{"start":{"line":23,"column":11},"end":{"line":23,"column":52}},"line":23},"4":{"name":"useThemeMode","decl":{"start":{"line":30,"column":16},"end":{"line":30,"column":28}},"loc":{"start":{"line":30,"column":54},"end":{"line":36,"column":1}},"line":30}},"branchMap":{"0":{"loc":{"start":{"line":16,"column":46},"end":{"line":16,"column":88}},"type":"cond-expr","locations":[{"start":{"line":16,"column":72},"end":{"line":16,"column":78}},{"start":{"line":16,"column":81},"end":{"line":16,"column":88}}],"line":16},"1":{"loc":{"start":{"line":19,"column":23},"end":{"line":19,"column":58}},"type":"cond-expr","locations":[{"start":{"line":19,"column":42},"end":{"line":19,"column":48}},{"start":{"line":19,"column":51},"end":{"line":19,"column":58}}],"line":19},"2":{"loc":{"start":{"line":32,"column":2},"end":{"line":34,"column":3}},"type":"if","locations":[{"start":{"line":32,"column":2},"end":{"line":34,"column":3}},{"start":{},"end":{}}],"line":32}},"s":{"0":24,"1":132,"2":132,"3":132,"4":4,"5":4,"6":132,"7":132,"8":132,"9":321,"10":320,"11":2,"12":318},"f":{"0":132,"1":4,"2":4,"3":132,"4":321},"b":{"0":[0,132],"1":[3,1],"2":[2,318]},"_coverageSchema":"1a1c01bbd47fc00a2c39e90264f33305004495a9","hash":"9a20624eeb3240c5d559a6553c7f5264c451c819"}
,"/Users/italo/Documents/projetos/element-test/src/presentation/theme/useColors.ts": {"path":"/Users/italo/Documents/projetos/element-test/src/presentation/theme/useColors.ts","statementMap":{"0":{"start":{"line":5,"column":21},"end":{"line":5,"column":35}},"1":{"start":{"line":6,"column":2},"end":{"line":6,"column":43}}},"fnMap":{"0":{"name":"useColors","decl":{"start":{"line":4,"column":16},"end":{"line":4,"column":25}},"loc":{"start":{"line":4,"column":42},"end":{"line":7,"column":1}},"line":4}},"branchMap":{"0":{"loc":{"start":{"line":6,"column":9},"end":{"line":6,"column":42}},"type":"cond-expr","locations":[{"start":{"line":6,"column":18},"end":{"line":6,"column":28}},{"start":{"line":6,"column":31},"end":{"line":6,"column":42}}],"line":6}},"s":{"0":308,"1":308},"f":{"0":308},"b":{"0":[1,307]},"_coverageSchema":"1a1c01bbd47fc00a2c39e90264f33305004495a9","hash":"1532ffc2acd859ff35ff691d540e57cf412ae011"}
,"/Users/italo/Documents/projetos/element-test/src/presentation/viewmodels/useIssuesViewModel.ts": {"path":"/Users/italo/Documents/projetos/element-test/src/presentation/viewmodels/useIssuesViewModel.ts","statementMap":{"0":{"start":{"line":29,"column":2},"end":{"line":29,"column":93}},"1":{"start":{"line":29,"column":72},"end":{"line":29,"column":93}},"2":{"start":{"line":30,"column":2},"end":{"line":30,"column":51}},"3":{"start":{"line":30,"column":30},"end":{"line":30,"column":51}},"4":{"start":{"line":31,"column":2},"end":{"line":31,"column":47}},"5":{"start":{"line":47,"column":6},"end":{"line":55,"column":4}},"6":{"start":{"line":50,"column":6},"end":{"line":50,"column":78}},"7":{"start":{"line":52,"column":6},"end":{"line":52,"column":60}},"8":{"start":{"line":57,"column":17},"end":{"line":57,"column":58}},"9":{"start":{"line":57,"column":44},"end":{"line":57,"column":51}},"10":{"start":{"line":59,"column":19},"end":{"line":61,"column":54}},"11":{"start":{"line":60,"column":4},"end":{"line":60,"column":60}},"12":{"start":{"line":60,"column":44},"end":{"line":60,"column":60}},"13":{"start":{"line":63,"column":18},"end":{"line":65,"column":15}},"14":{"start":{"line":64,"column":4},"end":{"line":64,"column":14}},"15":{"start":{"line":67,"column":16},"end":{"line":69,"column":15}},"16":{"start":{"line":68,"column":4},"end":{"line":68,"column":14}},"17":{"start":{"line":71,"column":33},"end":{"line":78,"column":3}},"18":{"start":{"line":80,"column":2},"end":{"line":80,"column":47}}},"fnMap":{"0":{"name":"parseError","decl":{"start":{"line":28,"column":9},"end":{"line":28,"column":19}},"loc":{"start":{"line":28,"column":44},"end":{"line":32,"column":1}},"line":28},"1":{"name":"useIssuesViewModel","decl":{"start":{"line":34,"column":16},"end":{"line":34,"column":34}},"loc":{"start":{"line":37,"column":40},"end":{"line":81,"column":1}},"line":37},"2":{"name":"(anonymous_2)","decl":{"start":{"line":49,"column":13},"end":{"line":49,"column":14}},"loc":{"start":{"line":50,"column":6},"end":{"line":50,"column":78}},"line":50},"3":{"name":"(anonymous_3)","decl":{"start":{"line":51,"column":22},"end":{"line":51,"column":23}},"loc":{"start":{"line":52,"column":6},"end":{"line":52,"column":60}},"line":52},"4":{"name":"(anonymous_4)","decl":{"start":{"line":57,"column":37},"end":{"line":57,"column":38}},"loc":{"start":{"line":57,"column":44},"end":{"line":57,"column":51}},"line":57},"5":{"name":"(anonymous_5)","decl":{"start":{"line":59,"column":31},"end":{"line":59,"column":32}},"loc":{"start":{"line":59,"column":37},"end":{"line":61,"column":3}},"line":59},"6":{"name":"(anonymous_6)","decl":{"start":{"line":63,"column":30},"end":{"line":63,"column":31}},"loc":{"start":{"line":63,"column":36},"end":{"line":65,"column":3}},"line":63},"7":{"name":"(anonymous_7)","decl":{"start":{"line":67,"column":28},"end":{"line":67,"column":29}},"loc":{"start":{"line":67,"column":34},"end":{"line":69,"column":3}},"line":67}},"branchMap":{"0":{"loc":{"start":{"line":29,"column":2},"end":{"line":29,"column":93}},"type":"if","locations":[{"start":{"line":29,"column":2},"end":{"line":29,"column":93}},{"start":{},"end":{}}],"line":29},"1":{"loc":{"start":{"line":29,"column":6},"end":{"line":29,"column":70}},"type":"binary-expr","locations":[{"start":{"line":29,"column":6},"end":{"line":29,"column":37}},{"start":{"line":29,"column":41},"end":{"line":29,"column":70}}],"line":29},"2":{"loc":{"start":{"line":30,"column":2},"end":{"line":30,"column":51}},"type":"if","locations":[{"start":{"line":30,"column":2},"end":{"line":30,"column":51}},{"start":{},"end":{}}],"line":30},"3":{"loc":{"start":{"line":52,"column":6},"end":{"line":52,"column":60}},"type":"cond-expr","locations":[{"start":{"line":52,"column":29},"end":{"line":52,"column":48}},{"start":{"line":52,"column":51},"end":{"line":52,"column":60}}],"line":52},"4":{"loc":{"start":{"line":54,"column":21},"end":{"line":54,"column":34}},"type":"binary-expr","locations":[{"start":{"line":54,"column":21},"end":{"line":54,"column":26}},{"start":{"line":54,"column":30},"end":{"line":54,"column":34}}],"line":54},"5":{"loc":{"start":{"line":57,"column":17},"end":{"line":57,"column":58}},"type":"binary-expr","locations":[{"start":{"line":57,"column":17},"end":{"line":57,"column":52}},{"start":{"line":57,"column":56},"end":{"line":57,"column":58}}],"line":57},"6":{"loc":{"start":{"line":60,"column":4},"end":{"line":60,"column":60}},"type":"if","locations":[{"start":{"line":60,"column":4},"end":{"line":60,"column":60}},{"start":{},"end":{}}],"line":60},"7":{"loc":{"start":{"line":60,"column":8},"end":{"line":60,"column":42}},"type":"binary-expr","locations":[{"start":{"line":60,"column":8},"end":{"line":60,"column":19}},{"start":{"line":60,"column":23},"end":{"line":60,"column":42}}],"line":60},"8":{"loc":{"start":{"line":75,"column":18},"end":{"line":75,"column":65}},"type":"binary-expr","locations":[{"start":{"line":75,"column":18},"end":{"line":75,"column":28}},{"start":{"line":75,"column":32},"end":{"line":75,"column":42}},{"start":{"line":75,"column":46},"end":{"line":75,"column":65}}],"line":75},"9":{"loc":{"start":{"line":76,"column":11},"end":{"line":76,"column":43}},"type":"cond-expr","locations":[{"start":{"line":76,"column":19},"end":{"line":76,"column":36}},{"start":{"line":76,"column":39},"end":{"line":76,"column":43}}],"line":76},"10":{"loc":{"start":{"line":77,"column":17},"end":{"line":77,"column":37}},"type":"binary-expr","locations":[{"start":{"line":77,"column":17},"end":{"line":77,"column":28}},{"start":{"line":77,"column":32},"end":{"line":77,"column":37}}],"line":77}},"s":{"0":1,"1":1,"2":0,"3":0,"4":0,"5":10,"6":5,"7":10,"8":10,"9":3,"10":10,"11":0,"12":0,"13":10,"14":0,"15":10,"16":0,"17":10,"18":10},"f":{"0":1,"1":10,"2":5,"3":10,"4":3,"5":0,"6":0,"7":0},"b":{"0":[1,0],"1":[1,0],"2":[0,0],"3":[3,7],"4":[10,9],"5":[10,7],"6":[0,0],"7":[0,0],"8":[10,5,0],"9":[1,9],"10":[10,0]},"_coverageSchema":"1a1c01bbd47fc00a2c39e90264f33305004495a9","hash":"a22d2c16d9b57c5b0d041af2f4d2922ae9d7d5a9"}
,"/Users/italo/Documents/projetos/element-test/src/presentation/viewmodels/useRepoDetailViewModel.ts": {"path":"/Users/italo/Documents/projetos/element-test/src/presentation/viewmodels/useRepoDetailViewModel.ts","statementMap":{"0":{"start":{"line":24,"column":2},"end":{"line":24,"column":93}},"1":{"start":{"line":24,"column":72},"end":{"line":24,"column":93}},"2":{"start":{"line":25,"column":2},"end":{"line":25,"column":51}},"3":{"start":{"line":25,"column":30},"end":{"line":25,"column":51}},"4":{"start":{"line":26,"column":2},"end":{"line":26,"column":47}},"5":{"start":{"line":33,"column":46},"end":{"line":37,"column":4}},"6":{"start":{"line":35,"column":19},"end":{"line":35,"column":65}},"7":{"start":{"line":39,"column":16},"end":{"line":41,"column":15}},"8":{"start":{"line":40,"column":4},"end":{"line":40,"column":14}},"9":{"start":{"line":43,"column":37},"end":{"line":47,"column":3}},"10":{"start":{"line":49,"column":2},"end":{"line":49,"column":28}}},"fnMap":{"0":{"name":"parseError","decl":{"start":{"line":23,"column":9},"end":{"line":23,"column":19}},"loc":{"start":{"line":23,"column":44},"end":{"line":27,"column":1}},"line":23},"1":{"name":"useRepoDetailViewModel","decl":{"start":{"line":29,"column":16},"end":{"line":29,"column":38}},"loc":{"start":{"line":32,"column":48},"end":{"line":50,"column":1}},"line":32},"2":{"name":"(anonymous_2)","decl":{"start":{"line":35,"column":13},"end":{"line":35,"column":14}},"loc":{"start":{"line":35,"column":19},"end":{"line":35,"column":65}},"line":35},"3":{"name":"(anonymous_3)","decl":{"start":{"line":39,"column":28},"end":{"line":39,"column":29}},"loc":{"start":{"line":39,"column":34},"end":{"line":41,"column":3}},"line":39}},"branchMap":{"0":{"loc":{"start":{"line":24,"column":2},"end":{"line":24,"column":93}},"type":"if","locations":[{"start":{"line":24,"column":2},"end":{"line":24,"column":93}},{"start":{},"end":{}}],"line":24},"1":{"loc":{"start":{"line":24,"column":6},"end":{"line":24,"column":70}},"type":"binary-expr","locations":[{"start":{"line":24,"column":6},"end":{"line":24,"column":37}},{"start":{"line":24,"column":41},"end":{"line":24,"column":70}}],"line":24},"2":{"loc":{"start":{"line":25,"column":2},"end":{"line":25,"column":51}},"type":"if","locations":[{"start":{"line":25,"column":2},"end":{"line":25,"column":51}},{"start":{},"end":{}}],"line":25},"3":{"loc":{"start":{"line":36,"column":21},"end":{"line":36,"column":34}},"type":"binary-expr","locations":[{"start":{"line":36,"column":21},"end":{"line":36,"column":26}},{"start":{"line":36,"column":30},"end":{"line":36,"column":34}}],"line":36},"4":{"loc":{"start":{"line":44,"column":10},"end":{"line":44,"column":22}},"type":"binary-expr","locations":[{"start":{"line":44,"column":10},"end":{"line":44,"column":14}},{"start":{"line":44,"column":18},"end":{"line":44,"column":22}}],"line":44},"5":{"loc":{"start":{"line":46,"column":11},"end":{"line":46,"column":43}},"type":"cond-expr","locations":[{"start":{"line":46,"column":19},"end":{"line":46,"column":36}},{"start":{"line":46,"column":39},"end":{"line":46,"column":43}}],"line":46}},"s":{"0":1,"1":1,"2":0,"3":0,"4":0,"5":9,"6":5,"7":9,"8":1,"9":9,"10":9},"f":{"0":1,"1":9,"2":5,"3":1},"b":{"0":[1,0],"1":[1,1],"2":[0,0],"3":[9,8],"4":[9,7],"5":[1,8]},"_coverageSchema":"1a1c01bbd47fc00a2c39e90264f33305004495a9","hash":"e1b6dafa97a6b2f8ae79b6eaee8ca064971401a5"}
,"/Users/italo/Documents/projetos/element-test/src/presentation/viewmodels/useSearchViewModel.ts": {"path":"/Users/italo/Documents/projetos/element-test/src/presentation/viewmodels/useSearchViewModel.ts","statementMap":{"0":{"start":{"line":32,"column":2},"end":{"line":32,"column":93}},"1":{"start":{"line":32,"column":72},"end":{"line":32,"column":93}},"2":{"start":{"line":33,"column":2},"end":{"line":33,"column":51}},"3":{"start":{"line":33,"column":30},"end":{"line":33,"column":51}},"4":{"start":{"line":34,"column":2},"end":{"line":34,"column":47}},"5":{"start":{"line":38,"column":33},"end":{"line":38,"column":45}},"6":{"start":{"line":49,"column":6},"end":{"line":57,"column":4}},"7":{"start":{"line":51,"column":32},"end":{"line":51,"column":96}},"8":{"start":{"line":53,"column":6},"end":{"line":53,"column":60}},"9":{"start":{"line":59,"column":16},"end":{"line":59,"column":57}},"10":{"start":{"line":59,"column":43},"end":{"line":59,"column":50}},"11":{"start":{"line":60,"column":21},"end":{"line":60,"column":52}},"12":{"start":{"line":62,"column":19},"end":{"line":64,"column":8}},"13":{"start":{"line":63,"column":4},"end":{"line":63,"column":21}},"14":{"start":{"line":66,"column":19},"end":{"line":68,"column":54}},"15":{"start":{"line":67,"column":4},"end":{"line":67,"column":60}},"16":{"start":{"line":67,"column":44},"end":{"line":67,"column":60}},"17":{"start":{"line":70,"column":18},"end":{"line":72,"column":15}},"18":{"start":{"line":71,"column":4},"end":{"line":71,"column":14}},"19":{"start":{"line":74,"column":16},"end":{"line":76,"column":15}},"20":{"start":{"line":75,"column":4},"end":{"line":75,"column":14}},"21":{"start":{"line":78,"column":33},"end":{"line":87,"column":3}},"22":{"start":{"line":89,"column":37},"end":{"line":89,"column":75}},"23":{"start":{"line":91,"column":2},"end":{"line":91,"column":26}}},"fnMap":{"0":{"name":"parseError","decl":{"start":{"line":31,"column":9},"end":{"line":31,"column":19}},"loc":{"start":{"line":31,"column":44},"end":{"line":35,"column":1}},"line":31},"1":{"name":"useSearchViewModel","decl":{"start":{"line":37,"column":16},"end":{"line":37,"column":34}},"loc":{"start":{"line":37,"column":75},"end":{"line":92,"column":1}},"line":37},"2":{"name":"(anonymous_2)","decl":{"start":{"line":51,"column":13},"end":{"line":51,"column":14}},"loc":{"start":{"line":51,"column":32},"end":{"line":51,"column":96}},"line":51},"3":{"name":"(anonymous_3)","decl":{"start":{"line":52,"column":22},"end":{"line":52,"column":23}},"loc":{"start":{"line":53,"column":6},"end":{"line":53,"column":60}},"line":53},"4":{"name":"(anonymous_4)","decl":{"start":{"line":59,"column":36},"end":{"line":59,"column":37}},"loc":{"start":{"line":59,"column":43},"end":{"line":59,"column":50}},"line":59},"5":{"name":"(anonymous_5)","decl":{"start":{"line":62,"column":31},"end":{"line":62,"column":32}},"loc":{"start":{"line":62,"column":46},"end":{"line":64,"column":3}},"line":62},"6":{"name":"(anonymous_6)","decl":{"start":{"line":66,"column":31},"end":{"line":66,"column":32}},"loc":{"start":{"line":66,"column":37},"end":{"line":68,"column":3}},"line":66},"7":{"name":"(anonymous_7)","decl":{"start":{"line":70,"column":30},"end":{"line":70,"column":31}},"loc":{"start":{"line":70,"column":36},"end":{"line":72,"column":3}},"line":70},"8":{"name":"(anonymous_8)","decl":{"start":{"line":74,"column":28},"end":{"line":74,"column":29}},"loc":{"start":{"line":74,"column":34},"end":{"line":76,"column":3}},"line":74}},"branchMap":{"0":{"loc":{"start":{"line":32,"column":2},"end":{"line":32,"column":93}},"type":"if","locations":[{"start":{"line":32,"column":2},"end":{"line":32,"column":93}},{"start":{},"end":{}}],"line":32},"1":{"loc":{"start":{"line":32,"column":6},"end":{"line":32,"column":70}},"type":"binary-expr","locations":[{"start":{"line":32,"column":6},"end":{"line":32,"column":37}},{"start":{"line":32,"column":41},"end":{"line":32,"column":70}}],"line":32},"2":{"loc":{"start":{"line":33,"column":2},"end":{"line":33,"column":51}},"type":"if","locations":[{"start":{"line":33,"column":2},"end":{"line":33,"column":51}},{"start":{},"end":{}}],"line":33},"3":{"loc":{"start":{"line":53,"column":6},"end":{"line":53,"column":60}},"type":"cond-expr","locations":[{"start":{"line":53,"column":29},"end":{"line":53,"column":48}},{"start":{"line":53,"column":51},"end":{"line":53,"column":60}}],"line":53},"4":{"loc":{"start":{"line":59,"column":16},"end":{"line":59,"column":57}},"type":"binary-expr","locations":[{"start":{"line":59,"column":16},"end":{"line":59,"column":51}},{"start":{"line":59,"column":55},"end":{"line":59,"column":57}}],"line":59},"5":{"loc":{"start":{"line":60,"column":21},"end":{"line":60,"column":52}},"type":"binary-expr","locations":[{"start":{"line":60,"column":21},"end":{"line":60,"column":47}},{"start":{"line":60,"column":51},"end":{"line":60,"column":52}}],"line":60},"6":{"loc":{"start":{"line":67,"column":4},"end":{"line":67,"column":60}},"type":"if","locations":[{"start":{"line":67,"column":4},"end":{"line":67,"column":60}},{"start":{},"end":{}}],"line":67},"7":{"loc":{"start":{"line":67,"column":8},"end":{"line":67,"column":42}},"type":"binary-expr","locations":[{"start":{"line":67,"column":8},"end":{"line":67,"column":19}},{"start":{"line":67,"column":23},"end":{"line":67,"column":42}}],"line":67},"8":{"loc":{"start":{"line":81,"column":15},"end":{"line":81,"column":51}},"type":"binary-expr","locations":[{"start":{"line":81,"column":15},"end":{"line":81,"column":24}},{"start":{"line":81,"column":28},"end":{"line":81,"column":51}}],"line":81},"9":{"loc":{"start":{"line":83,"column":18},"end":{"line":83,"column":65}},"type":"binary-expr","locations":[{"start":{"line":83,"column":18},"end":{"line":83,"column":28}},{"start":{"line":83,"column":32},"end":{"line":83,"column":42}},{"start":{"line":83,"column":46},"end":{"line":83,"column":65}}],"line":83},"10":{"loc":{"start":{"line":84,"column":11},"end":{"line":84,"column":43}},"type":"cond-expr","locations":[{"start":{"line":84,"column":19},"end":{"line":84,"column":36}},{"start":{"line":84,"column":39},"end":{"line":84,"column":43}}],"line":84},"11":{"loc":{"start":{"line":85,"column":17},"end":{"line":85,"column":37}},"type":"binary-expr","locations":[{"start":{"line":85,"column":17},"end":{"line":85,"column":28}},{"start":{"line":85,"column":32},"end":{"line":85,"column":37}}],"line":85}},"s":{"0":1,"1":0,"2":1,"3":1,"4":0,"5":12,"6":12,"7":5,"8":8,"9":12,"10":1,"11":12,"12":12,"13":4,"14":12,"15":0,"16":0,"17":12,"18":0,"19":12,"20":1,"21":12,"22":12,"23":12},"f":{"0":1,"1":12,"2":5,"3":8,"4":1,"5":4,"6":0,"7":0,"8":1},"b":{"0":[0,1],"1":[1,1],"2":[1,0],"3":[0,8],"4":[12,11],"5":[12,11],"6":[0,0],"7":[0,0],"8":[12,4],"9":[12,4,0],"10":[1,11],"11":[12,0]},"_coverageSchema":"1a1c01bbd47fc00a2c39e90264f33305004495a9","hash":"679bd6f801a763decd95de7f2bf3b36916364faa"}
,"/Users/italo/Documents/projetos/element-test/src/test-utils/fakeRepository.ts": {"path":"/Users/italo/Documents/projetos/element-test/src/test-utils/fakeRepository.ts","statementMap":{"0":{"start":{"line":4,"column":16},"end":{"line":4,"column":25}},"1":{"start":{"line":5,"column":19},"end":{"line":5,"column":28}},"2":{"start":{"line":6,"column":18},"end":{"line":6,"column":27}}},"fnMap":{},"branchMap":{},"s":{"0":16,"1":16,"2":16},"f":{},"b":{},"_coverageSchema":"1a1c01bbd47fc00a2c39e90264f33305004495a9","hash":"8850b0a72136b7b936d702327c35bfbef6b831b3"}
,"/Users/italo/Documents/projetos/element-test/src/test-utils/renderWithProviders.tsx": {"path":"/Users/italo/Documents/projetos/element-test/src/test-utils/renderWithProviders.tsx","statementMap":{"0":{"start":{"line":12,"column":2},"end":{"line":22,"column":5}},"1":{"start":{"line":26,"column":2},"end":{"line":37,"column":4}},"2":{"start":{"line":27,"column":24},"end":{"line":27,"column":43}},"3":{"start":{"line":29,"column":6},"end":{"line":31,"column":28}},"4":{"start":{"line":33,"column":4},"end":{"line":35,"column":5}},"5":{"start":{"line":34,"column":6},"end":{"line":34,"column":64}},"6":{"start":{"line":36,"column":4},"end":{"line":36,"column":17}},"7":{"start":{"line":44,"column":47},"end":{"line":44,"column":60}},"8":{"start":{"line":45,"column":18},"end":{"line":45,"column":50}},"9":{"start":{"line":46,"column":2},"end":{"line":46,"column":60}},"10":{"start":{"line":53,"column":45},"end":{"line":53,"column":58}},"11":{"start":{"line":54,"column":18},"end":{"line":54,"column":50}},"12":{"start":{"line":55,"column":2},"end":{"line":55,"column":64}}},"fnMap":{"0":{"name":"createQueryClient","decl":{"start":{"line":11,"column":9},"end":{"line":11,"column":26}},"loc":{"start":{"line":11,"column":42},"end":{"line":23,"column":1}},"line":11},"1":{"name":"buildWrapper","decl":{"start":{"line":25,"column":9},"end":{"line":25,"column":21}},"loc":{"start":{"line":25,"column":49},"end":{"line":38,"column":1}},"line":25},"2":{"name":"Wrapper","decl":{"start":{"line":26,"column":18},"end":{"line":26,"column":25}},"loc":{"start":{"line":26,"column":71},"end":{"line":37,"column":3}},"line":26},"3":{"name":"renderWithProviders","decl":{"start":{"line":40,"column":16},"end":{"line":40,"column":35}},"loc":{"start":{"line":43,"column":2},"end":{"line":47,"column":1}},"line":43},"4":{"name":"renderHookWithProviders","decl":{"start":{"line":49,"column":16},"end":{"line":49,"column":39}},"loc":{"start":{"line":52,"column":2},"end":{"line":56,"column":1}},"line":52}},"branchMap":{"0":{"loc":{"start":{"line":33,"column":4},"end":{"line":35,"column":5}},"type":"if","locations":[{"start":{"line":33,"column":4},"end":{"line":35,"column":5}},{"start":{},"end":{}}],"line":33},"1":{"loc":{"start":{"line":44,"column":47},"end":{"line":44,"column":60}},"type":"binary-expr","locations":[{"start":{"line":44,"column":47},"end":{"line":44,"column":54}},{"start":{"line":44,"column":58},"end":{"line":44,"column":60}}],"line":44},"2":{"loc":{"start":{"line":53,"column":45},"end":{"line":53,"column":58}},"type":"binary-expr","locations":[{"start":{"line":53,"column":45},"end":{"line":53,"column":52}},{"start":{"line":53,"column":56},"end":{"line":53,"column":58}}],"line":53}},"s":{"0":123,"1":123,"2":123,"3":123,"4":123,"5":10,"6":113,"7":105,"8":105,"9":105,"10":18,"11":18,"12":18},"f":{"0":123,"1":123,"2":123,"3":105,"4":18},"b":{"0":[10,113],"1":[105,95],"2":[18,18]},"_coverageSchema":"1a1c01bbd47fc00a2c39e90264f33305004495a9","hash":"0953345ebebe31c9e8861d8c272add3c9b42e856"}
,"/Users/italo/Documents/projetos/element-test/src/test-utils/apiFixtures/index.ts": {"path":"/Users/italo/Documents/projetos/element-test/src/test-utils/apiFixtures/index.ts","statementMap":{"0":{"start":{"line":10,"column":2},"end":{"line":16,"column":4}},"1":{"start":{"line":20,"column":2},"end":{"line":33,"column":4}},"2":{"start":{"line":37,"column":2},"end":{"line":43,"column":4}},"3":{"start":{"line":47,"column":2},"end":{"line":57,"column":4}},"4":{"start":{"line":64,"column":2},"end":{"line":68,"column":4}}},"fnMap":{"0":{"name":"makeApiOwner","decl":{"start":{"line":9,"column":16},"end":{"line":9,"column":28}},"loc":{"start":{"line":9,"column":86},"end":{"line":17,"column":1}},"line":9},"1":{"name":"makeApiRepo","decl":{"start":{"line":19,"column":16},"end":{"line":19,"column":27}},"loc":{"start":{"line":19,"column":83},"end":{"line":34,"column":1}},"line":19},"2":{"name":"makeApiLabel","decl":{"start":{"line":36,"column":16},"end":{"line":36,"column":28}},"loc":{"start":{"line":36,"column":86},"end":{"line":44,"column":1}},"line":36},"3":{"name":"makeApiIssue","decl":{"start":{"line":46,"column":16},"end":{"line":46,"column":28}},"loc":{"start":{"line":46,"column":86},"end":{"line":58,"column":1}},"line":46},"4":{"name":"makeSearchResponse","decl":{"start":{"line":60,"column":16},"end":{"line":60,"column":34}},"loc":{"start":{"line":63,"column":24},"end":{"line":69,"column":1}},"line":63}},"branchMap":{"0":{"loc":{"start":{"line":9,"column":29},"end":{"line":9,"column":68}},"type":"default-arg","locations":[{"start":{"line":9,"column":66},"end":{"line":9,"column":68}}],"line":9},"1":{"loc":{"start":{"line":19,"column":28},"end":{"line":19,"column":66}},"type":"default-arg","locations":[{"start":{"line":19,"column":64},"end":{"line":19,"column":66}}],"line":19},"2":{"loc":{"start":{"line":36,"column":29},"end":{"line":36,"column":68}},"type":"default-arg","locations":[{"start":{"line":36,"column":66},"end":{"line":36,"column":68}}],"line":36},"3":{"loc":{"start":{"line":46,"column":29},"end":{"line":46,"column":68}},"type":"default-arg","locations":[{"start":{"line":46,"column":66},"end":{"line":46,"column":68}}],"line":46},"4":{"loc":{"start":{"line":62,"column":2},"end":{"line":62,"column":27}},"type":"default-arg","locations":[{"start":{"line":62,"column":15},"end":{"line":62,"column":27}}],"line":62}},"s":{"0":43,"1":31,"2":2,"3":8,"4":5},"f":{"0":43,"1":31,"2":2,"3":8,"4":5},"b":{"0":[40],"1":[4],"2":[0],"3":[0],"4":[0]},"_coverageSchema":"1a1c01bbd47fc00a2c39e90264f33305004495a9","hash":"965f946a6525706ae78f5d70e36c61dd46b1000a"}
,"/Users/italo/Documents/projetos/element-test/src/test-utils/fixtures/index.ts": {"path":"/Users/italo/Documents/projetos/element-test/src/test-utils/fixtures/index.ts","statementMap":{"0":{"start":{"line":8,"column":2},"end":{"line":14,"column":4}},"1":{"start":{"line":18,"column":2},"end":{"line":31,"column":4}},"2":{"start":{"line":35,"column":2},"end":{"line":41,"column":4}},"3":{"start":{"line":45,"column":2},"end":{"line":55,"column":4}},"4":{"start":{"line":59,"column":2},"end":{"line":63,"column":4}}},"fnMap":{"0":{"name":"makeOwner","decl":{"start":{"line":7,"column":16},"end":{"line":7,"column":25}},"loc":{"start":{"line":7,"column":65},"end":{"line":15,"column":1}},"line":7},"1":{"name":"makeRepo","decl":{"start":{"line":17,"column":16},"end":{"line":17,"column":24}},"loc":{"start":{"line":17,"column":62},"end":{"line":32,"column":1}},"line":17},"2":{"name":"makeLabel","decl":{"start":{"line":34,"column":16},"end":{"line":34,"column":25}},"loc":{"start":{"line":34,"column":65},"end":{"line":42,"column":1}},"line":34},"3":{"name":"makeIssue","decl":{"start":{"line":44,"column":16},"end":{"line":44,"column":25}},"loc":{"start":{"line":44,"column":65},"end":{"line":56,"column":1}},"line":44},"4":{"name":"makePaginated","decl":{"start":{"line":58,"column":16},"end":{"line":58,"column":29}},"loc":{"start":{"line":58,"column":86},"end":{"line":64,"column":1}},"line":58}},"branchMap":{"0":{"loc":{"start":{"line":7,"column":26},"end":{"line":7,"column":56}},"type":"default-arg","locations":[{"start":{"line":7,"column":54},"end":{"line":7,"column":56}}],"line":7},"1":{"loc":{"start":{"line":17,"column":25},"end":{"line":17,"column":54}},"type":"default-arg","locations":[{"start":{"line":17,"column":52},"end":{"line":17,"column":54}}],"line":17},"2":{"loc":{"start":{"line":34,"column":26},"end":{"line":34,"column":56}},"type":"default-arg","locations":[{"start":{"line":34,"column":54},"end":{"line":34,"column":56}}],"line":34},"3":{"loc":{"start":{"line":44,"column":26},"end":{"line":44,"column":56}},"type":"default-arg","locations":[{"start":{"line":44,"column":54},"end":{"line":44,"column":56}}],"line":44},"4":{"loc":{"start":{"line":58,"column":45},"end":{"line":58,"column":64}},"type":"default-arg","locations":[{"start":{"line":58,"column":59},"end":{"line":58,"column":64}}],"line":58}},"s":{"0":27,"1":18,"2":5,"3":9,"4":13},"f":{"0":27,"1":18,"2":5,"3":9,"4":13},"b":{"0":[27],"1":[6],"2":[0],"3":[3],"4":[10]},"_coverageSchema":"1a1c01bbd47fc00a2c39e90264f33305004495a9","hash":"3b7067dd1d547d265e597bff4f241487bda67684"}
}
