TN:
SF:src/application/use-cases/GetRepoDetailsUseCase.ts
FN:10,(anonymous_0)
FN:12,(anonymous_1)
FNF:2
FNH:2
FNDA:4,(anonymous_0)
FNDA:4,(anonymous_1)
DA:13,4
LF:1
LH:1
BRF:0
BRH:0
end_of_record
TN:
SF:src/application/use-cases/GetRepoIssuesUseCase.ts
FN:11,(anonymous_0)
FN:13,(anonymous_1)
FNF:2
FNH:2
FNDA:5,(anonymous_0)
FNDA:5,(anonymous_1)
DA:14,5
LF:1
LH:1
BRF:0
BRH:0
end_of_record
TN:
SF:src/application/use-cases/SearchReposUseCase.ts
FN:10,(anonymous_0)
FN:12,(anonymous_1)
FNF:2
FNH:2
FNDA:7,(anonymous_0)
FNDA:7,(anonymous_1)
DA:13,7
DA:14,7
DA:15,2
DA:17,5
LF:4
LH:4
BRDA:14,0,0,2
BRDA:14,0,1,5
BRF:2
BRH:2
end_of_record
TN:
SF:src/domain/errors/GitHubErrors.ts
FN:2,(anonymous_0)
FN:9,(anonymous_1)
FN:16,(anonymous_2)
FN:23,(anonymous_3)
FNF:4
FNH:4
FNDA:9,(anonymous_0)
FNDA:10,(anonymous_1)
FNDA:4,(anonymous_2)
FNDA:6,(anonymous_3)
DA:3,9
DA:4,9
DA:10,10
DA:11,10
DA:17,4
DA:18,4
DA:24,6
DA:27,6
LF:8
LH:8
BRDA:25,0,0,3
BRDA:25,0,1,3
BRF:2
BRH:2
end_of_record
TN:
SF:src/infrastructure/http/httpClient.ts
FNF:0
FNH:0
DA:3,1
DA:5,1
LF:2
LH:2
BRDA:10,0,0,0
BRDA:10,0,1,1
BRF:2
BRH:1
end_of_record
TN:
SF:src/infrastructure/mappers/issueMapper.ts
FN:9,mapLabel
FN:18,mapIssue
FNF:2
FNH:2
FNDA:2,mapLabel
FNDA:8,mapIssue
DA:10,2
DA:19,8
LF:2
LH:2
BRDA:23,0,0,6
BRDA:23,0,1,2
BRF:2
BRH:2
end_of_record
TN:
SF:src/infrastructure/mappers/repoMapper.ts
FN:8,mapOwner
FN:17,mapRepo
FNF:2
FNH:2
FNDA:41,mapOwner
FNDA:31,mapRepo
DA:9,41
DA:18,31
LF:2
LH:2
BRF:0
BRH:0
end_of_record
TN:
SF:src/infrastructure/repositories/GitHubRepositoryImpl.ts
FN:13,handleAxiosError
FN:23,(anonymous_1)
FN:38,(anonymous_2)
FN:47,(anonymous_3)
FNF:4
FNH:4
FNDA:8,handleAxiosError
FNDA:9,(anonymous_1)
FNDA:4,(anonymous_2)
FNDA:5,(anonymous_3)
DA:11,1
DA:14,8
DA:15,8
DA:16,5
DA:17,2
DA:19,0
DA:24,9
DA:25,9
DA:28,5
DA:34,4
DA:39,4
DA:40,4
DA:41,2
DA:43,2
DA:48,5
DA:49,5
DA:52,3
DA:57,2
LF:18
LH:17
BRDA:14,0,0,8
BRDA:14,0,1,0
BRDA:15,1,0,3
BRDA:15,1,1,5
BRDA:16,2,0,3
BRDA:16,2,1,2
BRDA:16,3,0,5
BRDA:16,3,1,3
BRF:8
BRH:7
end_of_record
TN:
SF:src/presentation/components/common/EmptyState.tsx
FN:13,EmptyState
FNF:1
FNH:1
FNDA:9,EmptyState
DA:14,9
DA:16,9
DA:31,3
LF:3
LH:3
BRDA:22,0,0,9
BRDA:22,0,1,6
BRF:2
BRH:2
end_of_record
TN:
SF:src/presentation/components/common/ErrorState.tsx
FN:13,ErrorState
FNF:1
FNH:1
FNDA:6,ErrorState
DA:14,6
DA:16,6
DA:34,4
LF:3
LH:3
BRDA:26,0,0,6
BRDA:26,0,1,4
BRF:2
BRH:2
end_of_record
TN:
SF:src/presentation/components/common/LoadingSpinner.tsx
FN:10,LoadingSpinner
FNF:1
FNH:1
FNDA:6,LoadingSpinner
DA:11,6
DA:13,6
DA:20,4
LF:3
LH:3
BRDA:10,0,0,4
BRDA:10,1,0,3
BRDA:14,2,0,6
BRDA:14,2,1,3
BRF:4
BRH:4
end_of_record
TN:
SF:src/presentation/components/common/Screen.tsx
FN:10,Screen
FNF:1
FNH:1
FNDA:7,Screen
DA:11,7
DA:13,7
DA:16,2
LF:3
LH:3
BRF:0
BRH:0
end_of_record
TN:
SF:src/presentation/components/ds/Avatar.tsx
FN:16,Avatar
FNF:1
FNH:1
FNDA:20,Avatar
DA:14,6
DA:17,20
DA:18,20
DA:19,20
DA:20,20
DA:22,20
DA:23,13
DA:26,7
LF:8
LH:8
BRDA:16,0,0,4
BRDA:22,1,0,13
BRDA:22,1,1,7
BRDA:38,2,0,7
BRDA:38,2,1,1
BRF:5
BRH:5
end_of_record
TN:
SF:src/presentation/components/ds/Badge.tsx
FN:16,Badge
FNF:1
FNH:1
FNDA:14,Badge
DA:17,14
DA:19,14
DA:28,14
DA:30,14
DA:44,4
LF:5
LH:5
BRDA:16,0,0,2
BRDA:34,1,0,7
BRDA:34,1,1,7
BRDA:38,2,0,14
BRDA:38,2,1,7
BRF:5
BRH:5
end_of_record
TN:
SF:src/presentation/components/ds/Button.tsx
FN:27,Button
FN:53,(anonymous_1)
FNF:2
FNH:2
FNDA:13,Button
FNDA:13,(anonymous_1)
DA:21,6
DA:37,13
DA:38,13
DA:40,13
DA:47,13
DA:49,13
DA:53,13
DA:85,6
LF:8
LH:8
BRDA:30,0,0,4
BRDA:31,1,0,13
BRDA:32,2,0,12
BRDA:33,3,0,11
BRDA:34,4,0,12
BRDA:52,5,0,13
BRDA:52,5,1,12
BRDA:59,6,0,6
BRDA:59,6,1,7
BRDA:61,7,0,1
BRDA:61,7,1,12
BRDA:61,8,0,13
BRDA:61,8,1,13
BRDA:62,9,0,1
BRDA:62,9,1,12
BRDA:67,10,0,1
BRDA:67,10,1,12
BRF:17
BRH:17
end_of_record
TN:
SF:src/presentation/components/ds/Card.tsx
FN:12,Card
FN:27,(anonymous_1)
FNF:2
FNH:2
FNDA:10,Card
FNDA:3,(anonymous_1)
DA:13,10
DA:15,10
DA:23,10
DA:24,3
DA:27,3
DA:34,7
LF:6
LH:6
BRDA:23,0,0,3
BRDA:23,0,1,7
BRDA:27,1,0,3
BRDA:27,1,1,0
BRF:4
BRH:3
end_of_record
TN:
SF:src/presentation/components/ds/Input.tsx
FN:12,Input
FN:31,(anonymous_1)
FN:32,(anonymous_2)
FNF:3
FNH:1
FNDA:13,Input
FNDA:0,(anonymous_1)
FNDA:0,(anonymous_2)
DA:13,13
DA:14,13
DA:16,13
DA:31,0
DA:32,0
DA:40,4
LF:6
LH:4
BRDA:21,0,0,0
BRDA:21,0,1,13
BRDA:22,1,0,0
BRDA:22,1,1,13
BRDA:27,2,0,13
BRDA:27,2,1,9
BRDA:35,3,0,13
BRDA:35,3,1,3
BRF:8
BRH:6
end_of_record
TN:
SF:src/presentation/components/ds/Switch.tsx
FN:28,Switch
FN:38,(anonymous_1)
FN:47,(anonymous_2)
FN:53,(anonymous_3)
FN:57,(anonymous_4)
FN:61,(anonymous_5)
FN:67,(anonymous_6)
FNF:7
FNH:7
FNDA:5,Switch
FNDA:5,(anonymous_1)
FNDA:5,(anonymous_2)
FNDA:5,(anonymous_3)
FNDA:5,(anonymous_4)
FNDA:5,(anonymous_5)
FNDA:2,(anonymous_6)
DA:14,3
DA:15,3
DA:16,3
DA:17,3
DA:18,3
DA:19,3
DA:20,3
DA:29,5
DA:32,5
DA:33,5
DA:34,5
DA:35,5
DA:38,5
DA:39,5
DA:43,5
DA:47,5
DA:48,5
DA:49,5
DA:53,5
DA:54,5
DA:57,5
DA:61,5
DA:65,5
DA:67,2
DA:80,3
LF:25
LH:25
BRDA:32,0,0,2
BRDA:32,0,1,3
BRDA:33,1,0,2
BRDA:33,1,1,3
BRDA:39,2,0,2
BRDA:39,2,1,3
BRDA:43,3,0,2
BRDA:43,3,1,3
BRF:8
BRH:8
end_of_record
TN:
SF:src/presentation/components/ds/Text.tsx
FN:14,Text
FNF:1
FNH:1
FNDA:155,Text
DA:15,155
DA:17,155
DA:27,155
LF:3
LH:3
BRDA:14,0,0,51
BRDA:14,1,0,85
BRF:2
BRH:2
end_of_record
TN:
SF:src/presentation/components/ds/ThemeSwitch.tsx
FN:8,ThemeSwitch
FNF:1
FNH:0
FNDA:0,ThemeSwitch
DA:9,0
DA:10,0
DA:12,0
DA:21,2
LF:4
LH:1
BRF:0
BRH:0
end_of_record
TN:
SF:src/presentation/components/ds/index.ts
FNF:0
FNH:0
LF:0
LH:0
BRF:0
BRH:0
end_of_record
TN:
SF:src/presentation/components/ds/tokens.ts
FN:156,getLanguageColor
FNF:1
FNH:1
FNDA:24,getLanguageColor
DA:34,21
DA:66,21
DA:99,21
DA:101,21
DA:113,21
DA:127,21
DA:137,21
DA:157,24
LF:8
LH:8
BRDA:157,0,0,22
BRDA:157,0,1,2
BRF:2
BRH:2
end_of_record
TN:
SF:src/presentation/components/issues/IssueItem.tsx
FN:15,formatRelativeDate
FN:31,IssueItem
FN:47,(anonymous_2)
FNF:3
FNH:3
FNDA:5,formatRelativeDate
FNDA:5,IssueItem
FNDA:2,(anonymous_2)
DA:16,5
DA:17,5
DA:18,5
DA:19,5
DA:20,5
DA:21,5
DA:22,5
DA:24,5
DA:25,5
DA:26,5
DA:27,5
DA:28,5
DA:32,5
DA:34,5
DA:48,2
DA:72,2
LF:16
LH:16
BRDA:24,0,0,0
BRDA:24,0,1,5
BRDA:25,1,0,0
BRDA:25,1,1,5
BRDA:26,2,0,0
BRDA:26,2,1,5
BRDA:27,3,0,0
BRDA:27,3,1,5
BRDA:27,4,0,0
BRDA:27,4,1,0
BRDA:28,5,0,0
BRDA:28,5,1,5
BRDA:45,6,0,5
BRDA:45,6,1,1
BRF:14
BRH:7
end_of_record
TN:
SF:src/presentation/components/issues/IssueLabelChip.tsx
FN:11,hexToRgba
FN:18,IssueLabelChip
FNF:2
FNH:2
FNDA:10,hexToRgba
FNDA:5,IssueLabelChip
DA:12,10
DA:13,10
DA:14,10
DA:15,10
DA:19,5
DA:20,5
DA:21,5
DA:23,5
DA:32,3
LF:9
LH:9
BRF:0
BRH:0
end_of_record
TN:
SF:src/presentation/components/issues/IssueList.tsx
FN:19,IssueList
FN:23,(anonymous_1)
FN:27,(anonymous_2)
FNF:3
FNH:1
FNDA:4,IssueList
FNDA:0,(anonymous_1)
FNDA:0,(anonymous_2)
DA:20,4
DA:22,4
DA:23,0
DA:27,4
DA:29,4
DA:30,1
DA:33,3
DA:34,1
DA:37,2
DA:38,2
DA:47,0
LF:11
LH:9
BRDA:29,0,0,1
BRDA:29,0,1,3
BRDA:33,1,0,1
BRDA:33,1,1,2
BRDA:37,2,0,2
BRDA:37,2,1,0
BRF:6
BRH:5
end_of_record
TN:
SF:src/presentation/components/issues/IssueStateIndicator.tsx
FN:11,IssueStateIndicator
FNF:1
FNH:1
FNDA:9,IssueStateIndicator
DA:12,9
DA:13,9
DA:15,9
DA:33,3
LF:4
LH:4
BRDA:20,0,0,7
BRDA:20,0,1,2
BRDA:24,1,0,7
BRDA:24,1,1,2
BRDA:25,2,0,7
BRDA:25,2,1,0
BRF:6
BRH:5
end_of_record
TN:
SF:src/presentation/components/repo/RepoCard.tsx
FN:7,formatCount
FN:17,RepoCard
FNF:2
FNH:2
FNDA:12,formatCount
FNDA:6,RepoCard
DA:8,12
DA:9,12
DA:18,6
DA:19,6
DA:21,6
DA:60,2
LF:6
LH:6
BRDA:8,0,0,0
BRDA:8,0,1,12
BRDA:19,1,0,5
BRDA:19,1,1,1
BRDA:30,2,0,6
BRDA:30,2,1,5
BRDA:37,3,0,6
BRDA:37,3,1,5
BRDA:50,4,0,6
BRDA:50,4,1,6
BRF:10
BRH:9
end_of_record
TN:
SF:src/presentation/components/repo-detail/RepoDetailActions.tsx
FN:15,RepoDetailActions
FNF:1
FNH:1
FNDA:1,RepoDetailActions
DA:16,1
DA:18,1
DA:52,1
LF:3
LH:3
BRDA:20,0,0,1
BRDA:20,0,1,0
BRDA:28,1,0,1
BRDA:28,1,1,0
BRDA:29,2,0,1
BRDA:29,2,1,0
BRDA:33,3,0,1
BRDA:33,3,1,1
BRF:8
BRH:5
end_of_record
TN:
SF:src/presentation/components/repo-detail/RepoDetailHeader.tsx
FN:14,RepoDetailHeader
FNF:1
FNH:1
FNDA:1,RepoDetailHeader
DA:15,1
DA:16,1
DA:18,1
DA:47,1
LF:4
LH:4
BRDA:16,0,0,1
BRDA:16,0,1,0
BRDA:36,1,0,1
BRDA:36,1,1,1
BRDA:42,2,0,1
BRDA:42,2,1,1
BRF:6
BRH:5
end_of_record
TN:
SF:src/presentation/components/repo-detail/RepoDetailLayout.tsx
FN:11,RepoDetailLayout
FNF:1
FNH:1
FNDA:1,RepoDetailLayout
DA:12,1
DA:13,1
DA:15,1
DA:26,1
LF:4
LH:4
BRF:0
BRH:0
end_of_record
TN:
SF:src/presentation/components/repo-detail/RepoDetailStats.tsx
FN:11,RepoDetailStats
FNF:1
FNH:1
FNDA:1,RepoDetailStats
DA:12,1
DA:22,1
LF:2
LH:2
BRF:0
BRH:0
end_of_record
TN:
SF:src/presentation/components/repo-detail/StatCard.tsx
FN:13,formatCount
FN:19,StatCard
FNF:2
FNH:2
FNDA:9,formatCount
FNDA:9,StatCard
DA:14,9
DA:15,8
DA:16,6
DA:20,9
DA:22,9
DA:37,2
LF:6
LH:6
BRDA:14,0,0,1
BRDA:14,0,1,8
BRDA:15,1,0,2
BRDA:15,1,1,6
BRF:4
BRH:4
end_of_record
TN:
SF:src/presentation/components/repo-detail/index.ts
FNF:0
FNH:0
LF:0
LH:0
BRF:0
BRH:0
end_of_record
TN:
SF:src/presentation/components/search/RepoList.tsx
FN:22,RepoList
FN:26,(anonymous_1)
FN:28,(anonymous_2)
FN:34,(anonymous_3)
FNF:4
FNH:1
FNDA:3,RepoList
FNDA:0,(anonymous_1)
FNDA:0,(anonymous_2)
FNDA:0,(anonymous_3)
DA:23,3
DA:25,3
DA:27,0
DA:28,0
DA:34,3
DA:36,3
DA:37,0
DA:40,3
DA:41,0
DA:44,3
DA:45,3
DA:54,0
DA:55,0
DA:64,0
DA:85,1
LF:15
LH:8
BRDA:36,0,0,0
BRDA:36,0,1,3
BRDA:40,1,0,0
BRDA:40,1,1,3
BRDA:44,2,0,3
BRDA:44,2,1,0
BRDA:54,3,0,0
BRDA:54,3,1,0
BRF:8
BRH:3
end_of_record
TN:
SF:src/presentation/components/search/RepoListFooter.tsx
FN:12,RepoListFooter
FNF:1
FNH:0
FNDA:0,RepoListFooter
DA:13,0
DA:14,0
DA:17,0
DA:18,0
DA:27,0
DA:30,2
LF:6
LH:1
BRDA:13,0,0,0
BRDA:13,0,1,0
BRDA:17,1,0,0
BRDA:17,1,1,0
BRF:4
BRH:0
end_of_record
TN:
SF:src/presentation/components/search/SearchBar.tsx
FN:13,SearchBar
FN:28,(anonymous_1)
FNF:2
FNH:1
FNDA:8,SearchBar
FNDA:0,(anonymous_1)
DA:14,8
DA:16,8
DA:28,0
DA:38,2
LF:4
LH:3
BRDA:27,0,0,2
BRDA:27,0,1,6
BRF:2
BRH:2
end_of_record
TN:
SF:src/presentation/components/search/SearchResultsHeader.tsx
FN:11,formatCount
FN:16,SearchResultsHeader
FNF:2
FNH:0
FNDA:0,formatCount
FNDA:0,SearchResultsHeader
DA:12,0
DA:13,0
DA:17,0
DA:29,1
LF:4
LH:1
BRDA:12,0,0,0
BRDA:12,0,1,0
BRDA:20,1,0,0
BRDA:20,1,1,0
BRF:4
BRH:0
end_of_record
TN:
SF:src/presentation/screens/IssuesScreen.tsx
FN:7,IssuesScreen
FNF:1
FNH:1
FNDA:4,IssuesScreen
DA:8,4
DA:9,4
DA:11,4
LF:3
LH:3
BRF:0
BRH:0
end_of_record
TN:
SF:src/presentation/screens/RepoDetailScreen.tsx
FN:17,RepoDetailScreen
FN:22,(anonymous_1)
FNF:2
FNH:1
FNDA:3,RepoDetailScreen
FNDA:0,(anonymous_1)
DA:18,3
DA:19,3
DA:20,3
DA:22,3
DA:23,0
DA:26,3
DA:27,1
DA:30,2
DA:31,1
DA:36,1
LF:10
LH:9
BRDA:26,0,0,1
BRDA:26,0,1,2
BRDA:30,1,0,1
BRDA:30,1,1,1
BRDA:30,2,0,2
BRDA:30,2,1,1
BRDA:32,3,0,1
BRDA:32,3,1,0
BRF:8
BRH:7
end_of_record
TN:
SF:src/presentation/screens/SearchScreen.tsx
FN:10,SearchScreen
FN:15,(anonymous_1)
FNF:2
FNH:1
FNDA:3,SearchScreen
FNDA:0,(anonymous_1)
DA:11,3
DA:12,3
DA:14,3
DA:16,0
DA:25,3
LF:5
LH:4
BRF:0
BRH:0
end_of_record
TN:
SF:src/presentation/theme/ThemeModeContext.tsx
FN:14,ThemeModeProvider
FN:18,(anonymous_1)
FN:19,(anonymous_2)
FN:23,(anonymous_3)
FN:30,useThemeMode
FNF:5
FNH:5
FNDA:132,ThemeModeProvider
FNDA:4,(anonymous_1)
FNDA:4,(anonymous_2)
FNDA:132,(anonymous_3)
FNDA:321,useThemeMode
DA:12,24
DA:15,132
DA:16,132
DA:18,132
DA:19,4
DA:22,132
DA:23,132
DA:27,132
DA:31,321
DA:32,320
DA:33,2
DA:35,318
LF:12
LH:12
BRDA:16,0,0,0
BRDA:16,0,1,132
BRDA:19,1,0,3
BRDA:19,1,1,1
BRDA:32,2,0,2
BRDA:32,2,1,318
BRF:6
BRH:5
end_of_record
TN:
SF:src/presentation/theme/useColors.ts
FN:4,useColors
FNF:1
FNH:1
FNDA:308,useColors
DA:5,308
DA:6,308
LF:2
LH:2
BRDA:6,0,0,1
BRDA:6,0,1,307
BRF:2
BRH:2
end_of_record
TN:
SF:src/presentation/viewmodels/useIssuesViewModel.ts
FN:28,parseError
FN:34,useIssuesViewModel
FN:49,(anonymous_2)
FN:51,(anonymous_3)
FN:57,(anonymous_4)
FN:59,(anonymous_5)
FN:63,(anonymous_6)
FN:67,(anonymous_7)
FNF:8
FNH:5
FNDA:1,parseError
FNDA:10,useIssuesViewModel
FNDA:5,(anonymous_2)
FNDA:10,(anonymous_3)
FNDA:3,(anonymous_4)
FNDA:0,(anonymous_5)
FNDA:0,(anonymous_6)
FNDA:0,(anonymous_7)
DA:29,1
DA:30,0
DA:31,0
DA:47,10
DA:50,5
DA:52,10
DA:57,10
DA:59,10
DA:60,0
DA:63,10
DA:64,0
DA:67,10
DA:68,0
DA:71,10
DA:80,10
LF:15
LH:10
BRDA:29,0,0,1
BRDA:29,0,1,0
BRDA:29,1,0,1
BRDA:29,1,1,0
BRDA:30,2,0,0
BRDA:30,2,1,0
BRDA:52,3,0,3
BRDA:52,3,1,7
BRDA:54,4,0,10
BRDA:54,4,1,9
BRDA:57,5,0,10
BRDA:57,5,1,7
BRDA:60,6,0,0
BRDA:60,6,1,0
BRDA:60,7,0,0
BRDA:60,7,1,0
BRDA:75,8,0,10
BRDA:75,8,1,5
BRDA:75,8,2,0
BRDA:76,9,0,1
BRDA:76,9,1,9
BRDA:77,10,0,10
BRDA:77,10,1,0
BRF:23
BRH:13
end_of_record
TN:
SF:src/presentation/viewmodels/useRepoDetailViewModel.ts
FN:23,parseError
FN:29,useRepoDetailViewModel
FN:35,(anonymous_2)
FN:39,(anonymous_3)
FNF:4
FNH:4
FNDA:1,parseError
FNDA:9,useRepoDetailViewModel
FNDA:5,(anonymous_2)
FNDA:1,(anonymous_3)
DA:24,1
DA:25,0
DA:26,0
DA:33,9
DA:35,5
DA:39,9
DA:40,1
DA:43,9
DA:49,9
LF:9
LH:7
BRDA:24,0,0,1
BRDA:24,0,1,0
BRDA:24,1,0,1
BRDA:24,1,1,1
BRDA:25,2,0,0
BRDA:25,2,1,0
BRDA:36,3,0,9
BRDA:36,3,1,8
BRDA:44,4,0,9
BRDA:44,4,1,7
BRDA:46,5,0,1
BRDA:46,5,1,8
BRF:12
BRH:9
end_of_record
TN:
SF:src/presentation/viewmodels/useSearchViewModel.ts
FN:31,parseError
FN:37,useSearchViewModel
FN:51,(anonymous_2)
FN:52,(anonymous_3)
FN:59,(anonymous_4)
FN:62,(anonymous_5)
FN:66,(anonymous_6)
FN:70,(anonymous_7)
FN:74,(anonymous_8)
FNF:9
FNH:7
FNDA:1,parseError
FNDA:12,useSearchViewModel
FNDA:5,(anonymous_2)
FNDA:8,(anonymous_3)
FNDA:1,(anonymous_4)
FNDA:4,(anonymous_5)
FNDA:0,(anonymous_6)
FNDA:0,(anonymous_7)
FNDA:1,(anonymous_8)
DA:32,1
DA:33,1
DA:34,0
DA:38,12
DA:49,12
DA:51,5
DA:53,8
DA:59,12
DA:60,12
DA:62,12
DA:63,4
DA:66,12
DA:67,0
DA:70,12
DA:71,0
DA:74,12
DA:75,1
DA:78,12
DA:89,12
DA:91,12
LF:20
LH:17
BRDA:32,0,0,0
BRDA:32,0,1,1
BRDA:32,1,0,1
BRDA:32,1,1,1
BRDA:33,2,0,1
BRDA:33,2,1,0
BRDA:53,3,0,0
BRDA:53,3,1,8
BRDA:59,4,0,12
BRDA:59,4,1,11
BRDA:60,5,0,12
BRDA:60,5,1,11
BRDA:67,6,0,0
BRDA:67,6,1,0
BRDA:67,7,0,0
BRDA:67,7,1,0
BRDA:81,8,0,12
BRDA:81,8,1,4
BRDA:83,9,0,12
BRDA:83,9,1,4
BRDA:83,9,2,0
BRDA:84,10,0,1
BRDA:84,10,1,11
BRDA:85,11,0,12
BRDA:85,11,1,0
BRF:25
BRH:16
end_of_record
TN:
SF:src/test-utils/fakeRepository.ts
FNF:0
FNH:0
DA:4,16
DA:5,16
DA:6,16
LF:3
LH:3
BRF:0
BRH:0
end_of_record
TN:
SF:src/test-utils/renderWithProviders.tsx
FN:11,createQueryClient
FN:25,buildWrapper
FN:26,Wrapper
FN:40,renderWithProviders
FN:49,renderHookWithProviders
FNF:5
FNH:5
FNDA:123,createQueryClient
FNDA:123,buildWrapper
FNDA:123,Wrapper
FNDA:105,renderWithProviders
FNDA:18,renderHookWithProviders
DA:12,123
DA:26,123
DA:27,123
DA:29,123
DA:33,123
DA:34,10
DA:36,113
DA:44,105
DA:45,105
DA:46,105
DA:53,18
DA:54,18
DA:55,18
LF:13
LH:13
BRDA:33,0,0,10
BRDA:33,0,1,113
BRDA:44,1,0,105
BRDA:44,1,1,95
BRDA:53,2,0,18
BRDA:53,2,1,18
BRF:6
BRH:6
end_of_record
TN:
SF:src/test-utils/apiFixtures/index.ts
FN:9,makeApiOwner
FN:19,makeApiRepo
FN:36,makeApiLabel
FN:46,makeApiIssue
FN:60,makeSearchResponse
FNF:5
FNH:5
FNDA:43,makeApiOwner
FNDA:31,makeApiRepo
FNDA:2,makeApiLabel
FNDA:8,makeApiIssue
FNDA:5,makeSearchResponse
DA:10,43
DA:20,31
DA:37,2
DA:47,8
DA:64,5
LF:5
LH:5
BRDA:9,0,0,40
BRDA:19,1,0,4
BRDA:36,2,0,0
BRDA:46,3,0,0
BRDA:62,4,0,0
BRF:5
BRH:2
end_of_record
TN:
SF:src/test-utils/fixtures/index.ts
FN:7,makeOwner
FN:17,makeRepo
FN:34,makeLabel
FN:44,makeIssue
FN:58,makePaginated
FNF:5
FNH:5
FNDA:27,makeOwner
FNDA:18,makeRepo
FNDA:5,makeLabel
FNDA:9,makeIssue
FNDA:13,makePaginated
DA:8,27
DA:18,18
DA:35,5
DA:45,9
DA:59,13
LF:5
LH:5
BRDA:7,0,0,27
BRDA:17,1,0,6
BRDA:34,2,0,0
BRDA:44,3,0,3
BRDA:58,4,0,10
BRF:5
BRH:4
end_of_record
